Log file open, 12/01/19 19:41:01
LogWindows: Failed to load 'aqProf.dll' (GetLastError=126)
LogWindows: File 'aqProf.dll' does not exist
LogWindows: Failed to load 'VtuneApi.dll' (GetLastError=126)
LogWindows: File 'VtuneApi.dll' does not exist
LogWindows: Failed to load 'VtuneApi32e.dll' (GetLastError=126)
LogWindows: File 'VtuneApi32e.dll' does not exist
LogConsoleResponse: Display: Failed to find resolution value strings in scalability ini. Falling back to default.
LogInit: Display: Running engine for game: PuzzleGamePrototype
LogPakFile: Registered encryption key '00000000000000000000000000000000': 0 pak files mounted, 0 remain pending
LogPlatformFile: Not using cached read wrapper
LogTaskGraph: Started task graph with 5 named threads and 35 total threads with 3 sets of task threads.
LogStats: Stats thread started at 0.401581
LogD3D11RHI: Loaded GFSDK_Aftermath_Lib.x64.dll
LogICUInternationalization: ICU TimeZone Detection - Raw Offset: +10:00, Platform Override: ''
LogPluginManager: Mounting plugin Paper2D
LogPluginManager: Mounting plugin AISupport
LogPluginManager: Mounting plugin LightPropagationVolume
LogPluginManager: Mounting plugin ActorLayerUtilities
LogPluginManager: Mounting plugin AnimationSharing
LogPluginManager: Mounting plugin CLionSourceCodeAccess
LogPluginManager: Mounting plugin CodeLiteSourceCodeAccess
LogPluginManager: Mounting plugin GitSourceControl
LogPluginManager: Mounting plugin KDevelopSourceCodeAccess
LogPluginManager: Mounting plugin NullSourceCodeAccess
LogPluginManager: Mounting plugin PerforceSourceControl
LogPluginManager: Mounting plugin SubversionSourceControl
LogPluginManager: Mounting plugin UObjectPlugin
LogPluginManager: Mounting plugin VisualStudioCodeSourceCodeAccess
LogPluginManager: Mounting plugin VisualStudioSourceCodeAccess
LogPluginManager: Mounting plugin XCodeSourceCodeAccess
LogPluginManager: Mounting plugin AssetManagerEditor
LogPluginManager: Mounting plugin CryptoKeys
LogPluginManager: Mounting plugin DataValidation
LogPluginManager: Mounting plugin FacialAnimation
LogPluginManager: Mounting plugin GameplayTagsEditor
LogPluginManager: Mounting plugin MacGraphicsSwitching
LogPluginManager: Mounting plugin MaterialAnalyzer
LogPluginManager: Mounting plugin MobileLauncherProfileWizard
LogPluginManager: Mounting plugin PluginBrowser
LogPluginManager: Mounting plugin SpeedTreeImporter
LogPluginManager: Mounting plugin DatasmithContent
LogPluginManager: Mounting plugin VariantManagerContent
LogPluginManager: Mounting plugin AlembicImporter
LogPluginManager: Mounting plugin AppleImageUtils
LogPluginManager: Mounting plugin AppleVision
LogPluginManager: Mounting plugin BackChannel
LogPluginManager: Mounting plugin CharacterAI
LogPluginManager: Mounting plugin GeometryCache
LogPluginManager: Mounting plugin HTML5Networking
LogPluginManager: Mounting plugin ProxyLODPlugin
LogPluginManager: Mounting plugin SkeletalReduction
LogPluginManager: Mounting plugin MagicLeap
LogPluginManager: Mounting plugin MagicLeapMedia
LogPluginManager: Mounting plugin AndroidMedia
LogPluginManager: Mounting plugin AvfMedia
LogPluginManager: Mounting plugin ImgMedia
LogPluginManager: Mounting plugin LinearTimecode
LogPluginManager: Mounting plugin MediaCompositing
LogPluginManager: Mounting plugin MediaPlayerEditor
LogPluginManager: Mounting plugin WebMMedia
LogPluginManager: Mounting plugin WmfMedia
LogPluginManager: Mounting plugin TcpMessaging
LogPluginManager: Mounting plugin UdpMessaging
LogPluginManager: Mounting plugin ActorSequence
LogPluginManager: Mounting plugin LevelSequenceEditor
LogPluginManager: Mounting plugin MatineeToLevelSequence
LogPluginManager: Mounting plugin NetcodeUnitTest
LogPluginManager: Mounting plugin NUTUnrealEngine4
LogPluginManager: Mounting plugin OnlineSubsystemGooglePlay
LogPluginManager: Mounting plugin OnlineSubsystemIOS
LogPluginManager: Mounting plugin OnlineSubsystem
LogPluginManager: Mounting plugin OnlineSubsystemNull
LogPluginManager: Mounting plugin OnlineSubsystemUtils
LogPluginManager: Mounting plugin LauncherChunkInstaller
LogPluginManager: Mounting plugin AndroidDeviceProfileSelector
LogPluginManager: Mounting plugin AndroidMoviePlayer
LogPluginManager: Mounting plugin AndroidPermission
LogPluginManager: Mounting plugin AppleMoviePlayer
LogPluginManager: Mounting plugin ArchVisCharacter
LogPluginManager: Mounting plugin AudioCapture
LogPluginManager: Mounting plugin CableComponent
LogPluginManager: Mounting plugin CustomMeshComponent
LogPluginManager: Mounting plugin EditableMesh
LogPluginManager: Mounting plugin ExampleDeviceProfileSelector
LogPluginManager: Mounting plugin Firebase
LogPluginManager: Mounting plugin GoogleCloudMessaging
LogPluginManager: Mounting plugin IOSDeviceProfileSelector
LogPluginManager: Mounting plugin LinuxDeviceProfileSelector
LogPluginManager: Mounting plugin LocationServicesBPLibrary
LogPluginManager: Mounting plugin MobilePatchingUtils
LogPluginManager: Mounting plugin OculusVR
LogPluginManager: Mounting plugin PhysXVehicles
LogPluginManager: Mounting plugin ProceduralMeshComponent
LogPluginManager: Mounting plugin RuntimePhysXCooking
LogPluginManager: Mounting plugin SignificanceManager
LogPluginManager: Mounting plugin SteamVR
LogPluginManager: Mounting plugin WebMMoviePlayer
LogPluginManager: Mounting plugin WindowsMoviePlayer
LogInit: Using libcurl 7.55.1-DEV
LogInit:  - built for x86_64-pc-win32
LogInit:  - supports SSL with OpenSSL/1.1.1
LogInit:  - supports HTTP deflate (compression) using libz 1.2.8
LogInit:  - other features:
LogInit:      CURL_VERSION_SSL
LogInit:      CURL_VERSION_LIBZ
LogInit:      CURL_VERSION_IPV6
LogInit:      CURL_VERSION_ASYNCHDNS
LogInit:      CURL_VERSION_LARGEFILE
LogInit:      CURL_VERSION_IDN
LogInit:  CurlRequestOptions (configurable via config and command line):
LogInit:  - bVerifyPeer = true  - Libcurl will verify peer certificate
LogInit:  - bUseHttpProxy = false  - Libcurl will NOT use HTTP proxy
LogInit:  - bDontReuseConnections = false  - Libcurl will reuse connections
LogInit:  - MaxHostConnections = 16  - Libcurl will limit the number of connections to a host
LogInit:  - LocalHostAddr = Default
LogInit:  - BufferSize = 65536
LogInit: WinSock: version 1.1 (2.2), MaxSocks=32767, MaxUdp=65467
LogInit: Build: ++UE4+Release-4.22-CL-7053642
LogInit: Engine Version: 4.22.3-7053642+++UE4+Release-4.22
LogInit: Compatible Engine Version: 4.22.0-5660361+++UE4+Release-4.22
LogInit: Net CL: 5660361
LogInit: OS: Windows 10 (Release 1903) (), CPU: Intel(R) Core(TM) i7-8750H CPU @ 2.20GHz, GPU: NVIDIA GeForce RTX 2070 with Max-Q Design
LogInit: Compiled (64-bit): Jun 18 2019 03:09:11
LogInit: Compiled with Visual C++: 19.16.27025.01
LogInit: Build Configuration: Development
LogInit: Branch Name: ++UE4+Release-4.22
LogInit: Command Line:  -EpicPortal -epicusername=Lukatoni -epicuserid=de8f82220b2f40c68b196eccd87bcfd7 -epiclocale=de-DE
LogInit: Base Directory: C:/Program Files/Epic Games/UE_4.22/Engine/Binaries/Win64/
LogInit: Installed Engine Build: 1
LogDevObjectVersion: Number of dev versions registered: 23
LogDevObjectVersion:   Dev-Blueprints (B0D832E4-1F89-4F0D-ACCF-7EB736FD4AA2): 10
LogDevObjectVersion:   Dev-Build (E1C64328-A22C-4D53-A36C-8E866417BD8C): 0
LogDevObjectVersion:   Dev-Core (375EC13C-06E4-48FB-B500-84F0262A717E): 3
LogDevObjectVersion:   Dev-Editor (E4B068ED-F494-42E9-A231-DA0B2E46BB41): 30
LogDevObjectVersion:   Dev-Framework (CFFC743F-43B0-4480-9391-14DF171D2073): 35
LogDevObjectVersion:   Dev-Mobile (B02B49B5-BB20-44E9-A304-32B752E40360): 2
LogDevObjectVersion:   Dev-Networking (A4E4105C-59A1-49B5-A7C5-40C4547EDFEE): 0
LogDevObjectVersion:   Dev-Online (39C831C9-5AE6-47DC-9A44-9C173E1C8E7C): 0
LogDevObjectVersion:   Dev-Physics (78F01B33-EBEA-4F98-B9B4-84EACCB95AA2): 0
LogDevObjectVersion:   Dev-Platform (6631380F-2D4D-43E0-8009-CF276956A95A): 0
LogDevObjectVersion:   Dev-Rendering (12F88B9F-8875-4AFC-A67C-D90C383ABD29): 28
LogDevObjectVersion:   Dev-Sequencer (7B5AE74C-D270-4C10-A958-57980B212A5A): 11
LogDevObjectVersion:   Dev-VR (D7296918-1DD6-4BDD-9DE2-64A83CC13884): 2
LogDevObjectVersion:   Dev-LoadTimes (C2A15278-BFE7-4AFE-6C17-90FF531DF755): 1
LogDevObjectVersion:   Private-Geometry (6EACA3D4-40EC-4CC1-B786-8BED09428FC5): 3
LogDevObjectVersion:   Dev-AnimPhys (29E575DD-E0A3-4627-9D10-D276232CDCEA): 17
LogDevObjectVersion:   Dev-Anim (AF43A65D-7FD3-4947-9873-3E8ED9C1BB05): 2
LogDevObjectVersion:   Dev-ReflectionCapture (6B266CEC-1EC7-4B8F-A30B-E4D90942FC07): 1
LogDevObjectVersion:   Dev-Automation (0DF73D61-A23F-47EA-B727-89E90C41499A): 1
LogDevObjectVersion:   FortniteMain (601D1886-AC64-4F84-AA16-D3DE0DEAC7D6): 25
LogDevObjectVersion:   Dev-Enterprise (9DFFBCD6-494F-0158-E221-12823C92A888): 6
LogDevObjectVersion:   Dev-Niagara (F2AED0AC-9AFE-416F-8664-AA7FFA26D6FC): 1
LogDevObjectVersion:   Dev-Destruction (174F1F0B-B4C6-45A5-B13F-2EE8D0FB917D): 2
LogInit: Presizing for max 16777216 objects, including 0 objects not considered by GC, pre-allocating 0 bytes for permanent pool.
LogInit: Object subsystem initialized
LogConfig: Setting CVar [[con.DebugEarlyDefault:1]]
LogConfig: Setting CVar [[r.setres:1280x720]]
[2019.12.01-08.41.02:006][  0]LogConfig: Setting CVar [[r.VSync:0]]
[2019.12.01-08.41.02:006][  0]LogConfig: Setting CVar [[r.RHICmdBypass:0]]
[2019.12.01-08.41.02:006][  0]LogConfig: Applying CVar settings from Section [/Script/Engine.RendererSettings] File [C:/Users/Luca/Documents/gitrepos/19T3-GPG210-Brief3-UE-Game-Luca/PuzzleGamePrototype/Saved/Config/Windows/Engine.ini]
[2019.12.01-08.41.02:006][  0]LogConfig: Setting CVar [[r.GPUCrashDebugging:0]]
[2019.12.01-08.41.02:006][  0]LogConfig: Applying CVar settings from Section [/Script/Engine.RendererOverrideSettings] File [C:/Users/Luca/Documents/gitrepos/19T3-GPG210-Brief3-UE-Game-Luca/PuzzleGamePrototype/Saved/Config/Windows/Engine.ini]
[2019.12.01-08.41.02:006][  0]LogConfig: Applying CVar settings from Section [/Script/Engine.StreamingSettings] File [C:/Users/Luca/Documents/gitrepos/19T3-GPG210-Brief3-UE-Game-Luca/PuzzleGamePrototype/Saved/Config/Windows/Engine.ini]
[2019.12.01-08.41.02:006][  0]LogConfig: Setting CVar [[s.MinBulkDataSizeForAsyncLoading:131072]]
[2019.12.01-08.41.02:006][  0]LogConfig: Setting CVar [[s.AsyncLoadingThreadEnabled:0]]
[2019.12.01-08.41.02:006][  0]LogConfig: Setting CVar [[s.EventDrivenLoaderEnabled:1]]
[2019.12.01-08.41.02:006][  0]LogConfig: Setting CVar [[s.WarnIfTimeLimitExceeded:0]]
[2019.12.01-08.41.02:006][  0]LogConfig: Setting CVar [[s.TimeLimitExceededMultiplier:1.5]]
[2019.12.01-08.41.02:006][  0]LogConfig: Setting CVar [[s.TimeLimitExceededMinTime:0.005]]
[2019.12.01-08.41.02:006][  0]LogConfig: Setting CVar [[s.UseBackgroundLevelStreaming:1]]
[2019.12.01-08.41.02:006][  0]LogConfig: Setting CVar [[s.PriorityAsyncLoadingExtraTime:15.0]]
[2019.12.01-08.41.02:006][  0]LogConfig: Setting CVar [[s.LevelStreamingActorsUpdateTimeLimit:5.0]]
[2019.12.01-08.41.02:006][  0]LogConfig: Setting CVar [[s.PriorityLevelStreamingActorsUpdateExtraTime:5.0]]
[2019.12.01-08.41.02:006][  0]LogConfig: Setting CVar [[s.LevelStreamingComponentsRegistrationGranularity:10]]
[2019.12.01-08.41.02:007][  0]LogConfig: Setting CVar [[s.UnregisterComponentsTimeLimit:1.0]]
[2019.12.01-08.41.02:007][  0]LogConfig: Setting CVar [[s.LevelStreamingComponentsUnregistrationGranularity:5]]
[2019.12.01-08.41.02:007][  0]LogConfig: Applying CVar settings from Section [/Script/Engine.GarbageCollectionSettings] File [C:/Users/Luca/Documents/gitrepos/19T3-GPG210-Brief3-UE-Game-Luca/PuzzleGamePrototype/Saved/Config/Windows/Engine.ini]
[2019.12.01-08.41.02:007][  0]LogConfig: Setting CVar [[gc.MaxObjectsNotConsideredByGC:1]]
[2019.12.01-08.41.02:007][  0]LogConfig: Setting CVar [[gc.SizeOfPermanentObjectPool:0]]
[2019.12.01-08.41.02:007][  0]LogConfig: Setting CVar [[gc.FlushStreamingOnGC:0]]
[2019.12.01-08.41.02:007][  0]LogConfig: Setting CVar [[gc.NumRetriesBeforeForcingGC:10]]
[2019.12.01-08.41.02:007][  0]LogConfig: Setting CVar [[gc.AllowParallelGC:1]]
[2019.12.01-08.41.02:007][  0]LogConfig: Setting CVar [[gc.TimeBetweenPurgingPendingKillObjects:61.1]]
[2019.12.01-08.41.02:007][  0]LogConfig: Setting CVar [[gc.MaxObjectsInEditor:16777216]]
[2019.12.01-08.41.02:007][  0]LogConfig: Setting CVar [[gc.IncrementalBeginDestroyEnabled:1]]
[2019.12.01-08.41.02:007][  0]LogConfig: Setting CVar [[gc.CreateGCClusters:1]]
[2019.12.01-08.41.02:007][  0]LogConfig: Setting CVar [[gc.MinGCClusterSize:5]]
[2019.12.01-08.41.02:007][  0]LogConfig: Setting CVar [[gc.ActorClusteringEnabled:0]]
[2019.12.01-08.41.02:007][  0]LogConfig: Setting CVar [[gc.BlueprintClusteringEnabled:0]]
[2019.12.01-08.41.02:007][  0]LogConfig: Setting CVar [[gc.UseDisregardForGCOnDedicatedServers:0]]
[2019.12.01-08.41.02:007][  0]LogConfig: Applying CVar settings from Section [/Script/Engine.NetworkSettings] File [C:/Users/Luca/Documents/gitrepos/19T3-GPG210-Brief3-UE-Game-Luca/PuzzleGamePrototype/Saved/Config/Windows/Engine.ini]
[2019.12.01-08.41.02:007][  0]LogConfig: Applying CVar settings from Section [/Script/UnrealEd.CookerSettings] File [C:/Users/Luca/Documents/gitrepos/19T3-GPG210-Brief3-UE-Game-Luca/PuzzleGamePrototype/Saved/Config/Windows/Engine.ini]
[2019.12.01-08.41.02:011][  0]LogConfig: Applying CVar settings from Section [ViewDistanceQuality@3] File [C:/Users/Luca/Documents/gitrepos/19T3-GPG210-Brief3-UE-Game-Luca/PuzzleGamePrototype/Saved/Config/Windows/Scalability.ini]
[2019.12.01-08.41.02:011][  0]LogConfig: Setting CVar [[r.SkeletalMeshLODBias:0]]
[2019.12.01-08.41.02:011][  0]LogConfig: Setting CVar [[r.ViewDistanceScale:1.0]]
[2019.12.01-08.41.02:011][  0]LogConfig: Applying CVar settings from Section [AntiAliasingQuality@3] File [C:/Users/Luca/Documents/gitrepos/19T3-GPG210-Brief3-UE-Game-Luca/PuzzleGamePrototype/Saved/Config/Windows/Scalability.ini]
[2019.12.01-08.41.02:011][  0]LogConfig: Setting CVar [[r.PostProcessAAQuality:4]]
[2019.12.01-08.41.02:011][  0]LogConfig: Applying CVar settings from Section [ShadowQuality@3] File [C:/Users/Luca/Documents/gitrepos/19T3-GPG210-Brief3-UE-Game-Luca/PuzzleGamePrototype/Saved/Config/Windows/Scalability.ini]
[2019.12.01-08.41.02:011][  0]LogConfig: Setting CVar [[r.LightFunctionQuality:1]]
[2019.12.01-08.41.02:011][  0]LogConfig: Setting CVar [[r.ShadowQuality:5]]
[2019.12.01-08.41.02:011][  0]LogConfig: Setting CVar [[r.Shadow.CSM.MaxCascades:10]]
[2019.12.01-08.41.02:011][  0]LogConfig: Setting CVar [[r.Shadow.MaxResolution:2048]]
[2019.12.01-08.41.02:011][  0]LogConfig: Setting CVar [[r.Shadow.MaxCSMResolution:2048]]
[2019.12.01-08.41.02:011][  0]LogConfig: Setting CVar [[r.Shadow.RadiusThreshold:0.01]]
[2019.12.01-08.41.02:011][  0]LogConfig: Setting CVar [[r.Shadow.DistanceScale:1.0]]
[2019.12.01-08.41.02:011][  0]LogConfig: Setting CVar [[r.Shadow.CSM.TransitionScale:1.0]]
[2019.12.01-08.41.02:011][  0]LogConfig: Setting CVar [[r.Shadow.PreShadowResolutionFactor:1.0]]
[2019.12.01-08.41.02:011][  0]LogConfig: Setting CVar [[r.DistanceFieldShadowing:1]]
[2019.12.01-08.41.02:011][  0]LogConfig: Setting CVar [[r.DistanceFieldAO:1]]
[2019.12.01-08.41.02:011][  0]LogConfig: Setting CVar [[r.AOQuality:2]]
[2019.12.01-08.41.02:011][  0]LogConfig: Setting CVar [[r.VolumetricFog:1]]
[2019.12.01-08.41.02:011][  0]LogConfig: Setting CVar [[r.VolumetricFog.GridPixelSize:8]]
[2019.12.01-08.41.02:011][  0]LogConfig: Setting CVar [[r.VolumetricFog.GridSizeZ:128]]
[2019.12.01-08.41.02:011][  0]LogConfig: Setting CVar [[r.VolumetricFog.HistoryMissSupersampleCount:4]]
[2019.12.01-08.41.02:011][  0]LogConfig: Setting CVar [[r.LightMaxDrawDistanceScale:1]]
[2019.12.01-08.41.02:011][  0]LogConfig: Setting CVar [[r.CapsuleShadows:1]]
[2019.12.01-08.41.02:011][  0]LogConfig: Applying CVar settings from Section [PostProcessQuality@3] File [C:/Users/Luca/Documents/gitrepos/19T3-GPG210-Brief3-UE-Game-Luca/PuzzleGamePrototype/Saved/Config/Windows/Scalability.ini]
[2019.12.01-08.41.02:011][  0]LogConfig: Setting CVar [[r.MotionBlurQuality:4]]
[2019.12.01-08.41.02:011][  0]LogConfig: Setting CVar [[r.AmbientOcclusionMipLevelFactor:0.4]]
[2019.12.01-08.41.02:012][  0]LogConfig: Setting CVar [[r.AmbientOcclusionMaxQuality:100]]
[2019.12.01-08.41.02:012][  0]LogConfig: Setting CVar [[r.AmbientOcclusionLevels:-1]]
[2019.12.01-08.41.02:012][  0]LogConfig: Setting CVar [[r.AmbientOcclusionRadiusScale:1.0]]
[2019.12.01-08.41.02:012][  0]LogConfig: Setting CVar [[r.DepthOfFieldQuality:2]]
[2019.12.01-08.41.02:012][  0]LogConfig: Setting CVar [[r.RenderTargetPoolMin:400]]
[2019.12.01-08.41.02:012][  0]LogConfig: Setting CVar [[r.LensFlareQuality:2]]
[2019.12.01-08.41.02:012][  0]LogConfig: Setting CVar [[r.SceneColorFringeQuality:1]]
[2019.12.01-08.41.02:012][  0]LogConfig: Setting CVar [[r.EyeAdaptationQuality:2]]
[2019.12.01-08.41.02:012][  0]LogConfig: Setting CVar [[r.BloomQuality:5]]
[2019.12.01-08.41.02:012][  0]LogConfig: Setting CVar [[r.FastBlurThreshold:100]]
[2019.12.01-08.41.02:012][  0]LogConfig: Setting CVar [[r.Upscale.Quality:3]]
[2019.12.01-08.41.02:012][  0]LogConfig: Setting CVar [[r.Tonemapper.GrainQuantization:1]]
[2019.12.01-08.41.02:012][  0]LogConfig: Setting CVar [[r.LightShaftQuality:1]]
[2019.12.01-08.41.02:012][  0]LogConfig: Setting CVar [[r.Filter.SizeScale:1]]
[2019.12.01-08.41.02:012][  0]LogConfig: Setting CVar [[r.Tonemapper.Quality:5]]
[2019.12.01-08.41.02:012][  0]LogConfig: Setting CVar [[r.DOF.Gather.AccumulatorQuality:1        ; higher gathering accumulator quality]]
[2019.12.01-08.41.02:012][  0]LogConfig: Setting CVar [[r.DOF.Gather.PostfilterMethod:1          ; Median3x3 postfilering method]]
[2019.12.01-08.41.02:012][  0]LogConfig: Setting CVar [[r.DOF.Gather.EnableBokehSettings:0       ; no bokeh simulation when gathering]]
[2019.12.01-08.41.02:012][  0]LogConfig: Setting CVar [[r.DOF.Gather.RingCount:4                 ; medium number of samples when gathering]]
[2019.12.01-08.41.02:012][  0]LogConfig: Setting CVar [[r.DOF.Scatter.ForegroundCompositing:1    ; additive foreground scattering]]
[2019.12.01-08.41.02:012][  0]LogConfig: Setting CVar [[r.DOF.Scatter.BackgroundCompositing:2    ; additive background scattering]]
[2019.12.01-08.41.02:012][  0]LogConfig: Setting CVar [[r.DOF.Scatter.EnableBokehSettings:1      ; bokeh simulation when scattering]]
[2019.12.01-08.41.02:012][  0]LogConfig: Setting CVar [[r.DOF.Scatter.MaxSpriteRatio:0.1         ; only a maximum of 10% of scattered bokeh]]
[2019.12.01-08.41.02:012][  0]LogConfig: Setting CVar [[r.DOF.Recombine.Quality:1                ; cheap slight out of focus]]
[2019.12.01-08.41.02:012][  0]LogConfig: Setting CVar [[r.DOF.Recombine.EnableBokehSettings:0    ; no bokeh simulation on slight out of focus]]
[2019.12.01-08.41.02:012][  0]LogConfig: Setting CVar [[r.DOF.TemporalAAQuality:1                ; more stable temporal accumulation]]
[2019.12.01-08.41.02:012][  0]LogConfig: Setting CVar [[r.DOF.Kernel.MaxForegroundRadius:0.025]]
[2019.12.01-08.41.02:012][  0]LogConfig: Setting CVar [[r.DOF.Kernel.MaxBackgroundRadius:0.025]]
[2019.12.01-08.41.02:012][  0]LogConfig: Applying CVar settings from Section [TextureQuality@3] File [C:/Users/Luca/Documents/gitrepos/19T3-GPG210-Brief3-UE-Game-Luca/PuzzleGamePrototype/Saved/Config/Windows/Scalability.ini]
[2019.12.01-08.41.02:012][  0]LogConfig: Setting CVar [[r.Streaming.MipBias:0]]
[2019.12.01-08.41.02:012][  0]LogConfig: Setting CVar [[r.Streaming.AmortizeCPUToGPUCopy:0]]
[2019.12.01-08.41.02:012][  0]LogConfig: Setting CVar [[r.Streaming.MaxNumTexturesToStreamPerFrame:0]]
[2019.12.01-08.41.02:012][  0]LogConfig: Setting CVar [[r.Streaming.Boost:1]]
[2019.12.01-08.41.02:012][  0]LogConfig: Setting CVar [[r.MaxAnisotropy:8]]
[2019.12.01-08.41.02:012][  0]LogConfig: Setting CVar [[r.Streaming.LimitPoolSizeToVRAM:0]]
[2019.12.01-08.41.02:012][  0]LogConfig: Setting CVar [[r.Streaming.PoolSize:1000]]
[2019.12.01-08.41.02:012][  0]LogConfig: Setting CVar [[r.Streaming.MaxEffectiveScreenSize:0]]
[2019.12.01-08.41.02:012][  0]LogConfig: Applying CVar settings from Section [EffectsQuality@3] File [C:/Users/Luca/Documents/gitrepos/19T3-GPG210-Brief3-UE-Game-Luca/PuzzleGamePrototype/Saved/Config/Windows/Scalability.ini]
[2019.12.01-08.41.02:012][  0]LogConfig: Setting CVar [[r.TranslucencyLightingVolumeDim:64]]
[2019.12.01-08.41.02:012][  0]LogConfig: Setting CVar [[r.RefractionQuality:2]]
[2019.12.01-08.41.02:012][  0]LogConfig: Setting CVar [[r.SSR.Quality:3]]
[2019.12.01-08.41.02:012][  0]LogConfig: Setting CVar [[r.SceneColorFormat:4]]
[2019.12.01-08.41.02:012][  0]LogConfig: Setting CVar [[r.DetailMode:2]]
[2019.12.01-08.41.02:012][  0]LogConfig: Setting CVar [[r.TranslucencyVolumeBlur:1]]
[2019.12.01-08.41.02:012][  0]LogConfig: Setting CVar [[r.MaterialQualityLevel:1 ; High quality]]
[2019.12.01-08.41.02:012][  0]LogConfig: Setting CVar [[r.SSS.Scale:1]]
[2019.12.01-08.41.02:012][  0]LogConfig: Setting CVar [[r.SSS.SampleSet:2]]
[2019.12.01-08.41.02:012][  0]LogConfig: Setting CVar [[r.SSS.Quality:1]]
[2019.12.01-08.41.02:012][  0]LogConfig: Setting CVar [[r.SSS.HalfRes:1]]
[2019.12.01-08.41.02:012][  0]LogConfig: Setting CVar [[r.EmitterSpawnRateScale:1.0]]
[2019.12.01-08.41.02:012][  0]LogConfig: Setting CVar [[r.ParticleLightQuality:2]]
[2019.12.01-08.41.02:012][  0]LogConfig: Applying CVar settings from Section [FoliageQuality@3] File [C:/Users/Luca/Documents/gitrepos/19T3-GPG210-Brief3-UE-Game-Luca/PuzzleGamePrototype/Saved/Config/Windows/Scalability.ini]
[2019.12.01-08.41.02:012][  0]LogConfig: Setting CVar [[foliage.DensityScale:1.0]]
[2019.12.01-08.41.02:012][  0]LogConfig: Setting CVar [[grass.DensityScale:1.0]]
[2019.12.01-08.41.02:012][  0]LogInit: Selected Device Profile: [Windows]
[2019.12.01-08.41.02:012][  0]LogInit: Applying CVar settings loaded from the selected device profile: [Windows]
[2019.12.01-08.41.02:025][  0]LogHAL: Display: Platform has ~ 16 GB [16983638016 / 17179869184 / 16], which maps to Larger [LargestMinGB=32, LargerMinGB=12, DefaultMinGB=8, SmallerMinGB=6, SmallestMinGB=0)
[2019.12.01-08.41.02:025][  0]LogConfig: Setting CVar [[r.Vulkan.UseRealUBs:0		; Required until we fix HLR fall-out]]
[2019.12.01-08.41.02:025][  0]LogInit: Going up to parent DeviceProfile []
[2019.12.01-08.41.02:025][  0]LogConfig: Applying CVar settings from Section [ViewDistanceQuality@3] File [C:/Users/Luca/Documents/gitrepos/19T3-GPG210-Brief3-UE-Game-Luca/PuzzleGamePrototype/Saved/Config/Windows/Scalability.ini]
[2019.12.01-08.41.02:025][  0]LogConfig: Setting CVar [[r.SkeletalMeshLODBias:0]]
[2019.12.01-08.41.02:025][  0]LogConfig: Setting CVar [[r.ViewDistanceScale:1.0]]
[2019.12.01-08.41.02:025][  0]LogConfig: Applying CVar settings from Section [AntiAliasingQuality@3] File [C:/Users/Luca/Documents/gitrepos/19T3-GPG210-Brief3-UE-Game-Luca/PuzzleGamePrototype/Saved/Config/Windows/Scalability.ini]
[2019.12.01-08.41.02:025][  0]LogConfig: Setting CVar [[r.PostProcessAAQuality:4]]
[2019.12.01-08.41.02:025][  0]LogConfig: Applying CVar settings from Section [ShadowQuality@3] File [C:/Users/Luca/Documents/gitrepos/19T3-GPG210-Brief3-UE-Game-Luca/PuzzleGamePrototype/Saved/Config/Windows/Scalability.ini]
[2019.12.01-08.41.02:025][  0]LogConfig: Setting CVar [[r.LightFunctionQuality:1]]
[2019.12.01-08.41.02:025][  0]LogConfig: Setting CVar [[r.ShadowQuality:5]]
[2019.12.01-08.41.02:025][  0]LogConfig: Setting CVar [[r.Shadow.CSM.MaxCascades:10]]
[2019.12.01-08.41.02:025][  0]LogConfig: Setting CVar [[r.Shadow.MaxResolution:2048]]
[2019.12.01-08.41.02:025][  0]LogConfig: Setting CVar [[r.Shadow.MaxCSMResolution:2048]]
[2019.12.01-08.41.02:025][  0]LogConfig: Setting CVar [[r.Shadow.RadiusThreshold:0.01]]
[2019.12.01-08.41.02:025][  0]LogConfig: Setting CVar [[r.Shadow.DistanceScale:1.0]]
[2019.12.01-08.41.02:025][  0]LogConfig: Setting CVar [[r.Shadow.CSM.TransitionScale:1.0]]
[2019.12.01-08.41.02:025][  0]LogConfig: Setting CVar [[r.Shadow.PreShadowResolutionFactor:1.0]]
[2019.12.01-08.41.02:025][  0]LogConfig: Setting CVar [[r.DistanceFieldShadowing:1]]
[2019.12.01-08.41.02:025][  0]LogConfig: Setting CVar [[r.DistanceFieldAO:1]]
[2019.12.01-08.41.02:025][  0]LogConfig: Setting CVar [[r.AOQuality:2]]
[2019.12.01-08.41.02:025][  0]LogConfig: Setting CVar [[r.VolumetricFog:1]]
[2019.12.01-08.41.02:025][  0]LogConfig: Setting CVar [[r.VolumetricFog.GridPixelSize:8]]
[2019.12.01-08.41.02:025][  0]LogConfig: Setting CVar [[r.VolumetricFog.GridSizeZ:128]]
[2019.12.01-08.41.02:025][  0]LogConfig: Setting CVar [[r.VolumetricFog.HistoryMissSupersampleCount:4]]
[2019.12.01-08.41.02:025][  0]LogConfig: Setting CVar [[r.LightMaxDrawDistanceScale:1]]
[2019.12.01-08.41.02:025][  0]LogConfig: Setting CVar [[r.CapsuleShadows:1]]
[2019.12.01-08.41.02:025][  0]LogConfig: Applying CVar settings from Section [PostProcessQuality@3] File [C:/Users/Luca/Documents/gitrepos/19T3-GPG210-Brief3-UE-Game-Luca/PuzzleGamePrototype/Saved/Config/Windows/Scalability.ini]
[2019.12.01-08.41.02:025][  0]LogConfig: Setting CVar [[r.MotionBlurQuality:4]]
[2019.12.01-08.41.02:025][  0]LogConfig: Setting CVar [[r.AmbientOcclusionMipLevelFactor:0.4]]
[2019.12.01-08.41.02:025][  0]LogConfig: Setting CVar [[r.AmbientOcclusionMaxQuality:100]]
[2019.12.01-08.41.02:025][  0]LogConfig: Setting CVar [[r.AmbientOcclusionLevels:-1]]
[2019.12.01-08.41.02:025][  0]LogConfig: Setting CVar [[r.AmbientOcclusionRadiusScale:1.0]]
[2019.12.01-08.41.02:025][  0]LogConfig: Setting CVar [[r.DepthOfFieldQuality:2]]
[2019.12.01-08.41.02:025][  0]LogConfig: Setting CVar [[r.RenderTargetPoolMin:400]]
[2019.12.01-08.41.02:025][  0]LogConfig: Setting CVar [[r.LensFlareQuality:2]]
[2019.12.01-08.41.02:025][  0]LogConfig: Setting CVar [[r.SceneColorFringeQuality:1]]
[2019.12.01-08.41.02:025][  0]LogConfig: Setting CVar [[r.EyeAdaptationQuality:2]]
[2019.12.01-08.41.02:025][  0]LogConfig: Setting CVar [[r.BloomQuality:5]]
[2019.12.01-08.41.02:025][  0]LogConfig: Setting CVar [[r.FastBlurThreshold:100]]
[2019.12.01-08.41.02:025][  0]LogConfig: Setting CVar [[r.Upscale.Quality:3]]
[2019.12.01-08.41.02:025][  0]LogConfig: Setting CVar [[r.Tonemapper.GrainQuantization:1]]
[2019.12.01-08.41.02:025][  0]LogConfig: Setting CVar [[r.LightShaftQuality:1]]
[2019.12.01-08.41.02:025][  0]LogConfig: Setting CVar [[r.Filter.SizeScale:1]]
[2019.12.01-08.41.02:025][  0]LogConfig: Setting CVar [[r.Tonemapper.Quality:5]]
[2019.12.01-08.41.02:025][  0]LogConfig: Setting CVar [[r.DOF.Gather.AccumulatorQuality:1        ; higher gathering accumulator quality]]
[2019.12.01-08.41.02:025][  0]LogConfig: Setting CVar [[r.DOF.Gather.PostfilterMethod:1          ; Median3x3 postfilering method]]
[2019.12.01-08.41.02:025][  0]LogConfig: Setting CVar [[r.DOF.Gather.EnableBokehSettings:0       ; no bokeh simulation when gathering]]
[2019.12.01-08.41.02:025][  0]LogConfig: Setting CVar [[r.DOF.Gather.RingCount:4                 ; medium number of samples when gathering]]
[2019.12.01-08.41.02:025][  0]LogConfig: Setting CVar [[r.DOF.Scatter.ForegroundCompositing:1    ; additive foreground scattering]]
[2019.12.01-08.41.02:025][  0]LogConfig: Setting CVar [[r.DOF.Scatter.BackgroundCompositing:2    ; additive background scattering]]
[2019.12.01-08.41.02:025][  0]LogConfig: Setting CVar [[r.DOF.Scatter.EnableBokehSettings:1      ; bokeh simulation when scattering]]
[2019.12.01-08.41.02:025][  0]LogConfig: Setting CVar [[r.DOF.Scatter.MaxSpriteRatio:0.1         ; only a maximum of 10% of scattered bokeh]]
[2019.12.01-08.41.02:025][  0]LogConfig: Setting CVar [[r.DOF.Recombine.Quality:1                ; cheap slight out of focus]]
[2019.12.01-08.41.02:025][  0]LogConfig: Setting CVar [[r.DOF.Recombine.EnableBokehSettings:0    ; no bokeh simulation on slight out of focus]]
[2019.12.01-08.41.02:025][  0]LogConfig: Setting CVar [[r.DOF.TemporalAAQuality:1                ; more stable temporal accumulation]]
[2019.12.01-08.41.02:025][  0]LogConfig: Setting CVar [[r.DOF.Kernel.MaxForegroundRadius:0.025]]
[2019.12.01-08.41.02:026][  0]LogConfig: Setting CVar [[r.DOF.Kernel.MaxBackgroundRadius:0.025]]
[2019.12.01-08.41.02:026][  0]LogConfig: Applying CVar settings from Section [TextureQuality@3] File [C:/Users/Luca/Documents/gitrepos/19T3-GPG210-Brief3-UE-Game-Luca/PuzzleGamePrototype/Saved/Config/Windows/Scalability.ini]
[2019.12.01-08.41.02:026][  0]LogConfig: Setting CVar [[r.Streaming.MipBias:0]]
[2019.12.01-08.41.02:026][  0]LogConfig: Setting CVar [[r.Streaming.AmortizeCPUToGPUCopy:0]]
[2019.12.01-08.41.02:026][  0]LogConfig: Setting CVar [[r.Streaming.MaxNumTexturesToStreamPerFrame:0]]
[2019.12.01-08.41.02:026][  0]LogConfig: Setting CVar [[r.Streaming.Boost:1]]
[2019.12.01-08.41.02:026][  0]LogConfig: Setting CVar [[r.MaxAnisotropy:8]]
[2019.12.01-08.41.02:026][  0]LogConfig: Setting CVar [[r.Streaming.LimitPoolSizeToVRAM:0]]
[2019.12.01-08.41.02:026][  0]LogConfig: Setting CVar [[r.Streaming.PoolSize:1000]]
[2019.12.01-08.41.02:026][  0]LogConfig: Setting CVar [[r.Streaming.MaxEffectiveScreenSize:0]]
[2019.12.01-08.41.02:026][  0]LogConfig: Applying CVar settings from Section [EffectsQuality@3] File [C:/Users/Luca/Documents/gitrepos/19T3-GPG210-Brief3-UE-Game-Luca/PuzzleGamePrototype/Saved/Config/Windows/Scalability.ini]
[2019.12.01-08.41.02:026][  0]LogConfig: Setting CVar [[r.TranslucencyLightingVolumeDim:64]]
[2019.12.01-08.41.02:026][  0]LogConfig: Setting CVar [[r.RefractionQuality:2]]
[2019.12.01-08.41.02:026][  0]LogConfig: Setting CVar [[r.SSR.Quality:3]]
[2019.12.01-08.41.02:026][  0]LogConfig: Setting CVar [[r.SceneColorFormat:4]]
[2019.12.01-08.41.02:026][  0]LogConfig: Setting CVar [[r.DetailMode:2]]
[2019.12.01-08.41.02:026][  0]LogConfig: Setting CVar [[r.TranslucencyVolumeBlur:1]]
[2019.12.01-08.41.02:026][  0]LogConfig: Setting CVar [[r.MaterialQualityLevel:1 ; High quality]]
[2019.12.01-08.41.02:026][  0]LogConfig: Setting CVar [[r.SSS.Scale:1]]
[2019.12.01-08.41.02:026][  0]LogConfig: Setting CVar [[r.SSS.SampleSet:2]]
[2019.12.01-08.41.02:026][  0]LogConfig: Setting CVar [[r.SSS.Quality:1]]
[2019.12.01-08.41.02:026][  0]LogConfig: Setting CVar [[r.SSS.HalfRes:1]]
[2019.12.01-08.41.02:026][  0]LogConfig: Setting CVar [[r.EmitterSpawnRateScale:1.0]]
[2019.12.01-08.41.02:026][  0]LogConfig: Setting CVar [[r.ParticleLightQuality:2]]
[2019.12.01-08.41.02:026][  0]LogConfig: Applying CVar settings from Section [FoliageQuality@3] File [C:/Users/Luca/Documents/gitrepos/19T3-GPG210-Brief3-UE-Game-Luca/PuzzleGamePrototype/Saved/Config/Windows/Scalability.ini]
[2019.12.01-08.41.02:026][  0]LogConfig: Setting CVar [[foliage.DensityScale:1.0]]
[2019.12.01-08.41.02:026][  0]LogConfig: Setting CVar [[grass.DensityScale:1.0]]
[2019.12.01-08.41.02:026][  0]LogConfig: Applying CVar settings from Section [Startup] File [../../../Engine/Config/ConsoleVariables.ini]
[2019.12.01-08.41.02:026][  0]LogConfig: Setting CVar [[net.UseAdaptiveNetUpdateFrequency:0]]
[2019.12.01-08.41.02:026][  0]LogConfig: Setting CVar [[p.chaos.AllowCreatePhysxBodies:1]]
[2019.12.01-08.41.02:026][  0]LogConfig: Applying CVar settings from Section [ConsoleVariables] File [C:/Users/Luca/Documents/gitrepos/19T3-GPG210-Brief3-UE-Game-Luca/PuzzleGamePrototype/Saved/Config/Windows/Engine.ini]
[2019.12.01-08.41.02:026][  0]LogInit: Computer: DESKTOP-04KRBS2
[2019.12.01-08.41.02:026][  0]LogInit: User: Luca
[2019.12.01-08.41.02:026][  0]LogInit: CPU Page size=4096, Cores=6
[2019.12.01-08.41.02:026][  0]LogInit: High frequency timer resolution =10.000000 MHz
[2019.12.01-08.41.02:026][  0]LogMemory: Memory total: Physical=15.8GB (16GB approx)
[2019.12.01-08.41.02:026][  0]LogMemory: Platform Memory Stats for Windows
[2019.12.01-08.41.02:026][  0]LogMemory: Process Physical Memory: 99.20 MB used, 99.21 MB peak
[2019.12.01-08.41.02:026][  0]LogMemory: Process Virtual Memory: 90.05 MB used, 90.05 MB peak
[2019.12.01-08.41.02:026][  0]LogMemory: Physical Memory: 10383.32 MB used,  5813.54 MB free, 16196.86 MB total
[2019.12.01-08.41.02:026][  0]LogMemory: Virtual Memory: 4660.48 MB used,  134213064.00 MB free, 134217728.00 MB total
[2019.12.01-08.41.02:113][  0]LogInit: Using OS detected language (de-DE).
[2019.12.01-08.41.02:113][  0]LogInit: Using OS detected locale (de-CH).
[2019.12.01-08.41.02:114][  0]LogTextLocalizationManager: No specific localization for 'de-DE' exists, so the 'de' localization will be used.
[2019.12.01-08.41.02:114][  0]LogTextLocalizationResource: LocRes '../../../Engine/Content/Localization/Editor/de/Editor.locres' could not be opened for reading!
[2019.12.01-08.41.02:114][  0]LogTextLocalizationResource: LocRes '../../../Engine/Content/Localization/EditorTutorials/de/EditorTutorials.locres' could not be opened for reading!
[2019.12.01-08.41.02:114][  0]LogTextLocalizationResource: LocRes '../../../Engine/Content/Localization/Keywords/de/Keywords.locres' could not be opened for reading!
[2019.12.01-08.41.02:114][  0]LogTextLocalizationResource: LocRes '../../../Engine/Content/Localization/Category/de/Category.locres' could not be opened for reading!
[2019.12.01-08.41.02:114][  0]LogTextLocalizationResource: LocRes '../../../Engine/Content/Localization/ToolTips/de/ToolTips.locres' could not be opened for reading!
[2019.12.01-08.41.02:115][  0]LogTextLocalizationResource: LocRes '../../../Engine/Content/Localization/PropertyNames/de/PropertyNames.locres' could not be opened for reading!
[2019.12.01-08.41.02:115][  0]LogTextLocalizationResource: LocRes '../../../Engine/Content/Localization/Engine/de/Engine.locres' could not be opened for reading!
[2019.12.01-08.41.02:115][  0]LogInit: Setting process to per monitor DPI aware
[2019.12.01-08.41.02:159][  0]LogSlate: New Slate User Created.  User Index 0, Is Virtual User: 0
[2019.12.01-08.41.02:159][  0]LogSlate: Slate User Registered.  User Index 0, Is Virtual User: 0
[2019.12.01-08.41.02:318][  0]LogHMD: Failed to initialize OpenVR with code 110
[2019.12.01-08.41.02:318][  0]LogD3D11RHI: D3D11 adapters:
[2019.12.01-08.41.02:400][  0]LogD3D11RHI:    0. 'NVIDIA GeForce RTX 2070 with Max-Q Design' (Feature Level 11_0)
[2019.12.01-08.41.02:400][  0]LogD3D11RHI:       8031/0/8098 MB DedicatedVideo/DedicatedSystem/SharedSystem, Outputs:2, VendorId:0x10de
[2019.12.01-08.41.02:429][  0]LogD3D11RHI:    1. 'Intel(R) UHD Graphics 630' (Feature Level 11_0)
[2019.12.01-08.41.02:429][  0]LogD3D11RHI:       128/0/8098 MB DedicatedVideo/DedicatedSystem/SharedSystem, Outputs:0, VendorId:0x8086
[2019.12.01-08.41.02:431][  0]LogD3D11RHI:    2. 'Microsoft Basic Render Driver' (Feature Level 11_0)
[2019.12.01-08.41.02:431][  0]LogD3D11RHI:       0/0/8098 MB DedicatedVideo/DedicatedSystem/SharedSystem, Outputs:0, VendorId:0x1414
[2019.12.01-08.41.02:431][  0]LogD3D11RHI: Chosen D3D11 Adapter: 0
[2019.12.01-08.41.02:443][  0]LogD3D11RHI: Creating new Direct3DDevice
[2019.12.01-08.41.02:443][  0]LogD3D11RHI:     GPU DeviceId: 0x1f50 (for the marketing name, search the web for "GPU Device Id")
[2019.12.01-08.41.02:443][  0]LogWindows: EnumDisplayDevices:
[2019.12.01-08.41.02:443][  0]LogWindows:    0. 'NVIDIA GeForce RTX 2070 with Max-Q Design' (P:0 D:1)
[2019.12.01-08.41.02:443][  0]LogWindows:    1. 'NVIDIA GeForce RTX 2070 with Max-Q Design' (P:1 D:1)
[2019.12.01-08.41.02:443][  0]LogWindows:    2. 'NVIDIA GeForce RTX 2070 with Max-Q Design' (P:0 D:0)
[2019.12.01-08.41.02:444][  0]LogWindows:    3. 'NVIDIA GeForce RTX 2070 with Max-Q Design' (P:0 D:0)
[2019.12.01-08.41.02:444][  0]LogWindows:    4. 'Intel(R) UHD Graphics 630' (P:0 D:0)
[2019.12.01-08.41.02:444][  0]LogWindows:    5. 'Intel(R) UHD Graphics 630' (P:0 D:0)
[2019.12.01-08.41.02:444][  0]LogWindows:    6. 'Intel(R) UHD Graphics 630' (P:0 D:0)
[2019.12.01-08.41.02:444][  0]LogWindows: DebugString: PrimaryIsNotTheChoosenAdapter PrimaryIsNotTheChoosenAdapter PrimaryIsNotTheChoosenAdapter FoundDriverCount:4 
[2019.12.01-08.41.02:444][  0]LogD3D11RHI:     Adapter Name: NVIDIA GeForce RTX 2070 with Max-Q Design
[2019.12.01-08.41.02:444][  0]LogD3D11RHI:   Driver Version: 436.48 (internal:26.21.14.3648, unified:436.48)
[2019.12.01-08.41.02:444][  0]LogD3D11RHI:      Driver Date: 9-26-2019
[2019.12.01-08.41.02:444][  0]LogRHI: Texture pool is 5621 MB (70% of 8031 MB)
[2019.12.01-08.41.02:493][  0]LogD3D11RHI: Async texture creation enabled
[2019.12.01-08.41.02:506][  0]LogRendererCore: FGlobalReadBuffer::InitRHI
[2019.12.01-08.41.02:507][  0]LogRendererCore: FGlobalReadBuffer::InitRHI
[2019.12.01-08.41.02:507][  0]LogRendererCore: FGlobalReadBuffer::InitRHI
[2019.12.01-08.41.02:520][  0]LogD3D11RHI: GPU Timing Frequency: 1000.000000 (Debug: 2 2)
[2019.12.01-08.41.02:923][  0]LogTemp: Display: Module 'AllDesktopTargetPlatform' loaded TargetPlatform 'AllDesktop'
[2019.12.01-08.41.02:943][  0]LogTemp: Display: Module 'MacClientTargetPlatform' loaded TargetPlatform 'MacClient'
[2019.12.01-08.41.02:958][  0]LogTemp: Display: Module 'MacNoEditorTargetPlatform' loaded TargetPlatform 'MacNoEditor'
[2019.12.01-08.41.02:971][  0]LogTemp: Display: Module 'MacServerTargetPlatform' loaded TargetPlatform 'MacServer'
[2019.12.01-08.41.02:985][  0]LogTemp: Display: Module 'MacTargetPlatform' loaded TargetPlatform 'Mac'
[2019.12.01-08.41.02:998][  0]LogTemp: Display: Module 'WindowsClientTargetPlatform' loaded TargetPlatform 'WindowsClient'
[2019.12.01-08.41.03:011][  0]LogTemp: Display: Module 'WindowsNoEditorTargetPlatform' loaded TargetPlatform 'WindowsNoEditor'
[2019.12.01-08.41.03:025][  0]LogTemp: Display: Module 'WindowsServerTargetPlatform' loaded TargetPlatform 'WindowsServer'
[2019.12.01-08.41.03:032][  0]LogTemp: Display: Module 'WindowsTargetPlatform' loaded TargetPlatform 'Windows'
[2019.12.01-08.41.03:120][  0]LogTemp: Display: Module 'AndroidTargetPlatform' loaded TargetPlatform 'Android'
[2019.12.01-08.41.03:120][  0]LogTemp: Display: Module 'AndroidTargetPlatform' loaded TargetPlatform 'Android_ASTC'
[2019.12.01-08.41.03:120][  0]LogTemp: Display: Module 'AndroidTargetPlatform' loaded TargetPlatform 'Android_ATC'
[2019.12.01-08.41.03:120][  0]LogTemp: Display: Module 'AndroidTargetPlatform' loaded TargetPlatform 'Android_DXT'
[2019.12.01-08.41.03:120][  0]LogTemp: Display: Module 'AndroidTargetPlatform' loaded TargetPlatform 'Android_ETC1'
[2019.12.01-08.41.03:120][  0]LogTemp: Display: Module 'AndroidTargetPlatform' loaded TargetPlatform 'Android_ETC1a'
[2019.12.01-08.41.03:120][  0]LogTemp: Display: Module 'AndroidTargetPlatform' loaded TargetPlatform 'Android_ETC2'
[2019.12.01-08.41.03:120][  0]LogTemp: Display: Module 'AndroidTargetPlatform' loaded TargetPlatform 'Android_PVRTC'
[2019.12.01-08.41.03:120][  0]LogTemp: Display: Module 'AndroidTargetPlatform' loaded TargetPlatform 'AndroidClient'
[2019.12.01-08.41.03:120][  0]LogTemp: Display: Module 'AndroidTargetPlatform' loaded TargetPlatform 'Android_ASTCClient'
[2019.12.01-08.41.03:120][  0]LogTemp: Display: Module 'AndroidTargetPlatform' loaded TargetPlatform 'Android_ATCClient'
[2019.12.01-08.41.03:120][  0]LogTemp: Display: Module 'AndroidTargetPlatform' loaded TargetPlatform 'Android_DXTClient'
[2019.12.01-08.41.03:120][  0]LogTemp: Display: Module 'AndroidTargetPlatform' loaded TargetPlatform 'Android_ETC1Client'
[2019.12.01-08.41.03:120][  0]LogTemp: Display: Module 'AndroidTargetPlatform' loaded TargetPlatform 'Android_ETC1aClient'
[2019.12.01-08.41.03:120][  0]LogTemp: Display: Module 'AndroidTargetPlatform' loaded TargetPlatform 'Android_ETC2Client'
[2019.12.01-08.41.03:120][  0]LogTemp: Display: Module 'AndroidTargetPlatform' loaded TargetPlatform 'Android_PVRTCClient'
[2019.12.01-08.41.03:120][  0]LogTemp: Display: Module 'AndroidTargetPlatform' loaded TargetPlatform 'Android_Multi'
[2019.12.01-08.41.03:120][  0]LogTemp: Display: Module 'AndroidTargetPlatform' loaded TargetPlatform 'Android_MultiClient'
[2019.12.01-08.41.03:122][  0]LogTemp: Display: Module 'HTML5TargetPlatform' loaded TargetPlatform 'HTML5'
[2019.12.01-08.41.03:169][  0]LogTemp: Display: Module 'IOSTargetPlatform' loaded TargetPlatform 'IOSClient'
[2019.12.01-08.41.03:169][  0]LogTemp: Display: Module 'IOSTargetPlatform' loaded TargetPlatform 'IOS'
[2019.12.01-08.41.03:190][  0]LogTemp: Display: Module 'TVOSTargetPlatform' loaded TargetPlatform 'TVOSClient'
[2019.12.01-08.41.03:190][  0]LogTemp: Display: Module 'TVOSTargetPlatform' loaded TargetPlatform 'TVOS'
[2019.12.01-08.41.03:201][  0]LogTemp: Display: Module 'LinuxClientTargetPlatform' loaded TargetPlatform 'LinuxClient'
[2019.12.01-08.41.03:212][  0]LogTemp: Display: Module 'LinuxNoEditorTargetPlatform' loaded TargetPlatform 'LinuxNoEditor'
[2019.12.01-08.41.03:222][  0]LogTemp: Display: Module 'LinuxServerTargetPlatform' loaded TargetPlatform 'LinuxServer'
[2019.12.01-08.41.03:234][  0]LogTemp: Display: Module 'LinuxTargetPlatform' loaded TargetPlatform 'Linux'
[2019.12.01-08.41.03:273][  0]LogTemp: Display: Module 'LuminTargetPlatform' loaded TargetPlatform 'Lumin'
[2019.12.01-08.41.03:273][  0]LogTemp: Display: Module 'LuminTargetPlatform' loaded TargetPlatform 'LuminClient'
[2019.12.01-08.41.03:273][  0]LogTargetPlatformManager: Display: Building Assets For Windows
[2019.12.01-08.41.03:280][  0]LogAudioDebug: Display: Lib vorbis DLL was dynamically loaded.
[2019.12.01-08.41.03:331][  0]LogShaderCompilers: Guid format shader working directory is -55 characters bigger than the processId version (../../../../../../Users/Luca/Documents/gitrepos/19T3-GPG210-Brief3-UE-Game-Luca/PuzzleGamePrototype/Intermediate/Shaders/WorkingDirectory/46208/).
[2019.12.01-08.41.03:332][  0]LogShaderCompilers: Cleaned the shader compiler working directory 'C:/Users/Luca/AppData/Local/Temp/UnrealShaderWorkingDir/A50836B8439E8A41C9EBCDA8659765C5/'.
[2019.12.01-08.41.03:333][  0]LogXGEController: Cannot use XGE Controller as Incredibuild is not installed on this machine.
[2019.12.01-08.41.03:333][  0]LogShaderCompilers: Cannot use XGE Shader Compiler as Incredibuild is not installed on this machine.
[2019.12.01-08.41.03:333][  0]LogShaderCompilers: Display: Using Local Shader Compiler.
[2019.12.01-08.41.03:821][  0]LogDerivedDataCache: Display: Max Cache Size: 512 MB
[2019.12.01-08.41.03:873][  0]LogDerivedDataCache: Loaded boot cache 0.05s 71MB C:/Users/Luca/AppData/Local/UnrealEngine/4.22/DerivedDataCache/Boot.ddc.
[2019.12.01-08.41.03:873][  0]LogDerivedDataCache: Display: Loaded Boot cache: C:/Users/Luca/AppData/Local/UnrealEngine/4.22/DerivedDataCache/Boot.ddc
[2019.12.01-08.41.03:873][  0]LogDerivedDataCache: FDerivedDataBackendGraph:  Pak pak cache file ../../../../../../Users/Luca/Documents/gitrepos/19T3-GPG210-Brief3-UE-Game-Luca/PuzzleGamePrototype/DerivedDataCache/DDC.ddp not found, will not use a pak cache.
[2019.12.01-08.41.03:873][  0]LogDerivedDataCache: Unable to find inner node Pak for hierarchical cache Hierarchy.
[2019.12.01-08.41.03:873][  0]LogDerivedDataCache: FDerivedDataBackendGraph:  CompressedPak pak cache file ../../../../../../Users/Luca/Documents/gitrepos/19T3-GPG210-Brief3-UE-Game-Luca/PuzzleGamePrototype/DerivedDataCache/Compressed.ddp not found, will not use a pak cache.
[2019.12.01-08.41.03:873][  0]LogDerivedDataCache: Unable to find inner node CompressedPak for hierarchical cache Hierarchy.
[2019.12.01-08.41.03:884][  0]LogDerivedDataCache: Display: Pak cache opened for reading ../../../Engine/DerivedDataCache/Compressed.ddp.
[2019.12.01-08.41.03:884][  0]LogDerivedDataCache: FDerivedDataBackendGraph:  EnterprisePak pak cache file ../../../Enterprise/DerivedDataCache/Compressed.ddp not found, will not use a pak cache.
[2019.12.01-08.41.03:884][  0]LogDerivedDataCache: Unable to find inner node EnterprisePak for hierarchical cache Hierarchy.
[2019.12.01-08.41.03:896][  0]LogDerivedDataCache: Using Local data cache path C:/Users/Luca/AppData/Local/UnrealEngine/Common/DerivedDataCache: Writable
[2019.12.01-08.41.03:896][  0]LogDerivedDataCache: Shared data cache path not found in *engine.ini, will not use an Shared cache.
[2019.12.01-08.41.03:896][  0]LogDerivedDataCache: Unable to find inner node Shared for hierarchical cache Hierarchy.
[2019.12.01-08.41.03:915][  0]LogMaterial: Verifying Global Shaders for PCD3D_SM5
[2019.12.01-08.41.03:916][  0]LogSlate: Using FreeType 2.6.0
[2019.12.01-08.41.03:916][  0]LogSlate: SlateFontServices - WITH_FREETYPE: 1, WITH_HARFBUZZ: 1
[2019.12.01-08.41.03:998][  0]LogAssetRegistry: FAssetRegistry took 0.0371 seconds to start up
[2019.12.01-08.41.04:296][  0]LogInit: Selected Device Profile: [Windows]
[2019.12.01-08.41.04:420][  0]LogMeshReduction: Using QuadricMeshReduction for automatic static mesh reduction
[2019.12.01-08.41.04:420][  0]LogMeshReduction: Using SimplygonMeshReduction for automatic skeletal mesh reduction
[2019.12.01-08.41.04:420][  0]LogMeshReduction: Using ProxyLODMeshReduction for automatic mesh merging
[2019.12.01-08.41.04:420][  0]LogMeshReduction: No distributed automatic mesh merging module available
[2019.12.01-08.41.04:420][  0]LogMeshMerging: No distributed automatic mesh merging module available
[2019.12.01-08.41.04:430][  0]LogNetVersion: PuzzleGamePrototype 1.0.0, NetCL: 5660361, EngineNetVer: 10, GameNetVer: 0 (Checksum: 1167867920)
[2019.12.01-08.41.04:771][  0]LogPackageLocalizationCache: Processed 10 localized package path(s) for 1 prioritized culture(s) in 0.028885 seconds
[2019.12.01-08.41.04:778][  0]LogUObjectArray: 42205 objects as part of root set at end of initial load.
[2019.12.01-08.41.04:778][  0]LogUObjectAllocator: 7325032 out of 0 bytes used by permanent object pool.
[2019.12.01-08.41.04:778][  0]LogUObjectArray: CloseDisregardForGC: 0/0 objects in disregard for GC pool
[2019.12.01-08.41.05:496][  0]LogTcpMessaging: Initializing TcpMessaging bridge
[2019.12.01-08.41.05:509][  0]LogUdpMessaging: Initializing bridge on interface 0.0.0.0:0 to multicast group 230.0.0.1:6666.
[2019.12.01-08.41.05:612][  0]SourceControl: Source control is disabled
[2019.12.01-08.41.05:612][  0]SourceControl: Source control is disabled
[2019.12.01-08.41.05:614][  0]SourceControl: Source control is disabled
[2019.12.01-08.41.05:615][  0]SourceControl: Source control is disabled
[2019.12.01-08.41.05:686][  0]LogAndroidPermission: UAndroidPermissionCallbackProxy::GetInstance
[2019.12.01-08.41.06:280][  0]LogOcInput: OculusInput pre-init called
[2019.12.01-08.41.06:956][  0]LogEngine: Initializing Engine...
[2019.12.01-08.41.06:957][  0]LogHMD: Failed to initialize OpenVR with code 110
[2019.12.01-08.41.06:958][  0]LogStats: UGameplayTagsManager::InitializeManager -  0.000 s
[2019.12.01-08.41.07:152][  0]LogInit: Initializing FReadOnlyCVARCache
[2019.12.01-08.41.07:167][  0]LogAIModule: Creating AISystem for world Untitled
[2019.12.01-08.41.07:203][  0]LogInit: XAudio2 using 'Lautsprecher (Logitech G933 Gaming Headset)' : 6 channels at 48 kHz using 16 bits per sample (channel mask 0x3f)
[2019.12.01-08.41.07:234][  0]LogInit: FAudioDevice initialized.
[2019.12.01-08.41.07:235][  0]LogNetVersion: Set ProjectVersion to 1.0.0.0. Version Checksum will be recalculated on next use.
[2019.12.01-08.41.07:290][  0]LogDerivedDataCache: Saved boot cache 0.06s 71MB C:/Users/Luca/AppData/Local/UnrealEngine/4.22/DerivedDataCache/Boot.ddc.
[2019.12.01-08.41.07:296][  0]LogInit: Texture streaming: Enabled
[2019.12.01-08.41.07:314][  0]LogEngineSessionManager: EngineSessionManager initialized
[2019.12.01-08.41.07:334][  0]LogInit: Transaction tracking system initialized
[2019.12.01-08.41.07:356][  0]BlueprintLog: New page: Editor Load
[2019.12.01-08.41.07:434][  0]LocalizationService: Localization service is disabled
[2019.12.01-08.41.07:691][  0]LogFileCache: Scanning file cache for directory 'C:/Users/Luca/Documents/gitrepos/19T3-GPG210-Brief3-UE-Game-Luca/PuzzleGamePrototype/Content/' took 0.01s
[2019.12.01-08.41.07:691][  0]LogCook: Display: Max memory allowance for cook 16384mb min free memory 0mb
[2019.12.01-08.41.07:691][  0]LogCook: Display: Mobile HDR setting 1
[2019.12.01-08.41.07:855][  0]SourceControl: Source control is disabled
[2019.12.01-08.41.07:967][  0]LogSlate: Took 0.000185 seconds to synchronously load lazily loaded font '../../../Engine/Content/Slate/Fonts/Roboto-Regular.ttf' (155K)
[2019.12.01-08.41.17:989][  0]LogSlate: Window 'Restore Packages' being destroyed
[2019.12.01-08.41.17:991][  0]LogWindowsTextInputMethodSystem: Display: IME system now deactivated.
[2019.12.01-08.41.17:994][  0]LogWindowsTextInputMethodSystem: Display: IME system now deactivated.
[2019.12.01-08.41.21:771][  0]LogSlate: Window 'Unable to Check Out From Source Control!' being destroyed
[2019.12.01-08.41.21:771][  0]LogWindowsTextInputMethodSystem: Display: IME system now deactivated.
[2019.12.01-08.41.21:775][  0]LogWindowsTextInputMethodSystem: Display: IME system now deactivated.
[2019.12.01-08.41.21:789][  0]LightingResults: New page: Lighting Build
[2019.12.01-08.41.21:794][  0]MapCheck: New page: Map Check
[2019.12.01-08.41.21:794][  0]LightingResults: New page: Lighting Build
[2019.12.01-08.41.21:825][  0]LogUObjectHash: Compacting FUObjectHashTables data took   1.76ms
[2019.12.01-08.41.22:130][  0]LogAIModule: Creating AISystem for world FirstPersonExampleMap
[2019.12.01-08.41.22:141][  0]LogEditorServer: Finished looking for orphan Actors (0.000 secs)
[2019.12.01-08.41.22:171][  0]LogUObjectHash: Compacting FUObjectHashTables data took   3.05ms
[2019.12.01-08.41.22:172][  0]Cmd: MAP CHECKDEP NOCLEARLOG
[2019.12.01-08.41.22:172][  0]MapCheck: Map check complete: 0 Error(s), 0 Warning(s), took 0.131ms to complete.
[2019.12.01-08.41.22:172][  0]LogFileHelpers: Loading map 'FirstPersonExampleMap' took 0.383
[2019.12.01-08.41.22:222][  0]LogSlate: Updating window title bar state: overlay mode, drag disabled, window buttons hidden, title bar hidden
[2019.12.01-08.41.22:229][  0]LogSlate: Updating window title bar state: overlay mode, drag disabled, window buttons hidden, title bar hidden
[2019.12.01-08.41.22:236][  0]LogSlate: Updating window title bar state: overlay mode, drag disabled, window buttons hidden, title bar hidden
[2019.12.01-08.41.22:243][  0]LogSlate: Updating window title bar state: overlay mode, drag disabled, window buttons hidden, title bar hidden
[2019.12.01-08.41.22:250][  0]LogCollectionManager: Loaded 0 collections in 0.001567 seconds
[2019.12.01-08.41.22:277][  0]LogFileCache: Scanning file cache for directory 'C:/Users/Luca/Documents/gitrepos/19T3-GPG210-Brief3-UE-Game-Luca/PuzzleGamePrototype/Saved/Collections/' took 0.01s
[2019.12.01-08.41.22:277][  0]LogFileCache: Scanning file cache for directory 'C:/Users/Luca/Documents/gitrepos/19T3-GPG210-Brief3-UE-Game-Luca/PuzzleGamePrototype/Content/Developers/Luca/Collections/' took 0.01s
[2019.12.01-08.41.22:278][  0]LogFileCache: Scanning file cache for directory 'C:/Users/Luca/Documents/gitrepos/19T3-GPG210-Brief3-UE-Game-Luca/PuzzleGamePrototype/Content/Collections/' took 0.00s
[2019.12.01-08.41.22:278][  0]LogCollectionManager: Rebuilt the GUID cache for 0 collections in 0.000000 seconds
[2019.12.01-08.41.22:285][  0]LogContentBrowser: Native class hierarchy populated in 0.0072 seconds. Added 2732 classes and 659 folders.
[2019.12.01-08.41.22:291][  0]LogContentBrowser: Native class hierarchy updated for 'WidgetCarousel' in 0.0002 seconds. Added 0 classes and 0 folders.
[2019.12.01-08.41.22:295][  0]LogPakFile: Registered encryption key '00000000000000000000000000000000': 0 pak files mounted, 0 remain pending
[2019.12.01-08.41.22:296][  0]LogPakFile: Registered encryption key '00000000000000000000000000000000': 0 pak files mounted, 0 remain pending
[2019.12.01-08.41.22:296][  0]LogPakFile: Registered encryption key '00000000000000000000000000000000': 0 pak files mounted, 0 remain pending
[2019.12.01-08.41.22:297][  0]LogPakFile: Registered encryption key '00000000000000000000000000000000': 0 pak files mounted, 0 remain pending
[2019.12.01-08.41.22:298][  0]LogPakFile: Registered encryption key '00000000000000000000000000000000': 0 pak files mounted, 0 remain pending
[2019.12.01-08.41.22:299][  0]LogPakFile: Registered encryption key '00000000000000000000000000000000': 0 pak files mounted, 0 remain pending
[2019.12.01-08.41.22:299][  0]LogPakFile: Registered encryption key '00000000000000000000000000000000': 0 pak files mounted, 0 remain pending
[2019.12.01-08.41.22:300][  0]LogPakFile: Registered encryption key '00000000000000000000000000000000': 0 pak files mounted, 0 remain pending
[2019.12.01-08.41.22:301][  0]LogPakFile: Registered encryption key '00000000000000000000000000000000': 0 pak files mounted, 0 remain pending
[2019.12.01-08.41.22:302][  0]LogPakFile: Registered encryption key '00000000000000000000000000000000': 0 pak files mounted, 0 remain pending
[2019.12.01-08.41.22:303][  0]LogPakFile: Registered encryption key '00000000000000000000000000000000': 0 pak files mounted, 0 remain pending
[2019.12.01-08.41.22:303][  0]LogPakFile: Registered encryption key '00000000000000000000000000000000': 0 pak files mounted, 0 remain pending
[2019.12.01-08.41.22:304][  0]LogPakFile: Registered encryption key '00000000000000000000000000000000': 0 pak files mounted, 0 remain pending
[2019.12.01-08.41.22:305][  0]LogPakFile: Registered encryption key '00000000000000000000000000000000': 0 pak files mounted, 0 remain pending
[2019.12.01-08.41.22:306][  0]LogPakFile: Registered encryption key '00000000000000000000000000000000': 0 pak files mounted, 0 remain pending
[2019.12.01-08.41.22:307][  0]LogPakFile: Registered encryption key '00000000000000000000000000000000': 0 pak files mounted, 0 remain pending
[2019.12.01-08.41.22:307][  0]LogPakFile: Registered encryption key '00000000000000000000000000000000': 0 pak files mounted, 0 remain pending
[2019.12.01-08.41.22:308][  0]LogPakFile: Registered encryption key '00000000000000000000000000000000': 0 pak files mounted, 0 remain pending
[2019.12.01-08.41.22:309][  0]LogPakFile: Registered encryption key '00000000000000000000000000000000': 0 pak files mounted, 0 remain pending
[2019.12.01-08.41.22:310][  0]LogPakFile: Registered encryption key '00000000000000000000000000000000': 0 pak files mounted, 0 remain pending
[2019.12.01-08.41.22:311][  0]LogPakFile: Registered encryption key '00000000000000000000000000000000': 0 pak files mounted, 0 remain pending
[2019.12.01-08.41.22:312][  0]LogPakFile: Registered encryption key '00000000000000000000000000000000': 0 pak files mounted, 0 remain pending
[2019.12.01-08.41.22:313][  0]LogPakFile: Registered encryption key '00000000000000000000000000000000': 0 pak files mounted, 0 remain pending
[2019.12.01-08.41.22:315][  0]LogPakFile: Registered encryption key '00000000000000000000000000000000': 0 pak files mounted, 0 remain pending
[2019.12.01-08.41.22:316][  0]LogPakFile: Registered encryption key '00000000000000000000000000000000': 0 pak files mounted, 0 remain pending
[2019.12.01-08.41.22:317][  0]LogPakFile: Registered encryption key '00000000000000000000000000000000': 0 pak files mounted, 0 remain pending
[2019.12.01-08.41.22:366][  0]LogContentBrowser: Native class hierarchy updated for 'AddContentDialog' in 0.0002 seconds. Added 0 classes and 0 folders.
[2019.12.01-08.41.22:373][  0]LogContentBrowser: Native class hierarchy updated for 'SceneOutliner' in 0.0002 seconds. Added 1 classes and 2 folders.
[2019.12.01-08.41.22:386][  0]LogSlate: Took 0.000125 seconds to synchronously load lazily loaded font '../../../Engine/Content/Slate/Fonts/Roboto-Bold.ttf' (160K)
[2019.12.01-08.41.22:391][  0]LogSlate: Took 0.000697 seconds to synchronously load lazily loaded font '../../../Engine/Content/Editor/Slate/Fonts/FontAwesome.ttf' (139K)
[2019.12.01-08.41.22:391][  0]LogSlate: Took 0.000576 seconds to synchronously load lazily loaded font '../../../Engine/Content/Slate/Fonts/DroidSansMono.ttf' (77K)
[2019.12.01-08.41.22:469][  0]LogRenderer: Reallocating scene render targets to support 1208x572 Format 10 NumSamples 1 (Frame:1).
[2019.12.01-08.41.22:589][  0]LogContentBrowser: Native class hierarchy updated for 'HierarchicalLODOutliner' in 0.0002 seconds. Added 0 classes and 0 folders.
[2019.12.01-08.41.22:589][  0]LogLoad: (Engine Initialization) Total time: 22.40 seconds
[2019.12.01-08.41.22:589][  0]LogLoad: (Engine Initialization) Total Blueprint compile time: 0.00 seconds
[2019.12.01-08.41.22:609][  0]LogSlate: New Slate User Created.  User Index 1, Is Virtual User: 0
[2019.12.01-08.41.22:609][  0]LogSlate: Slate User Registered.  User Index 1, Is Virtual User: 0
[2019.12.01-08.41.22:627][  0]LogAssetRegistry: Asset discovery search completed in 18.6512 seconds
[2019.12.01-08.41.22:628][  0]LogCollectionManager: Rebuilt the object cache for 0 collections in 0.000000 seconds (found 0 objects)
[2019.12.01-08.41.22:628][  0]LogCollectionManager: Fixed up redirectors for 0 collections in 0.000147 seconds (updated 0 objects)
[2019.12.01-08.41.22:635][  0]LogContentStreaming: Texture pool size now 1000 MB
[2019.12.01-08.41.23:623][ 56]LogSlate: Took 0.000760 seconds to synchronously load lazily loaded font '../../../Engine/Content/Slate/Fonts/Roboto-Light.ttf' (167K)
[2019.12.01-08.41.24:823][128]LogSlate: FSceneViewport::OnFocusLost() reason 0
[2019.12.01-08.41.24:943][134]LogAssetEditorManager: Opening Asset editor for Material /Game/KorbMat.KorbMat
[2019.12.01-08.41.24:947][134]LogMaterial: Display: Missing cached shader map for material KorbMat, compiling. 
[2019.12.01-08.41.25:255][134]LogMaterial: Display: Missing cached shader map for material KorbMat, compiling. 
[2019.12.01-08.41.25:274][134]LogMaterial: Display: Missing cached shader map for material KorbMat, compiling. 
[2019.12.01-08.41.25:297][134]LogShaderCompilers: Display: Shaders left to compile 30
[2019.12.01-08.41.25:325][134]LogMaterial: Display: Missing cached shader map for material FMatExpressionPreview MaterialExpressionConstant4Vector_2, compiling. 
[2019.12.01-08.41.25:334][134]LogMaterial: Display: Missing cached shader map for material FMatExpressionPreview MaterialExpressionConstant4Vector_0, compiling. 
[2019.12.01-08.41.25:343][134]LogMaterial: Display: Missing cached shader map for material FMatExpressionPreview MaterialExpressionConstant4Vector_1, compiling. 
[2019.12.01-08.41.25:386][134]LogAssetEditorManager: Opening Asset editor for Blueprint /Game/Activator.Activator
[2019.12.01-08.41.25:894][134]LogContentBrowser: Native class hierarchy updated for 'BlueprintGraph' in 0.0015 seconds. Added 121 classes and 0 folders.
[2019.12.01-08.41.27:462][134]LogShaderCompilers: Display: Shaders left to compile 20
[2019.12.01-08.41.27:746][134]LogShaderCompilers: Display: Shaders left to compile 10
[2019.12.01-08.41.27:760][134]LogAssetEditorManager: Opening Asset editor for Blueprint /Game/ActivatorTrigger.ActivatorTrigger
[2019.12.01-08.41.28:348][134]LogAssetEditorManager: Opening Asset editor for Blueprint /Game/Activatable.Activatable
[2019.12.01-08.41.28:906][134]LogAssetEditorManager: Opening Asset editor for Blueprint /Game/Cube_Blueprint.Cube_Blueprint
[2019.12.01-08.41.29:214][134]LogAssetEditorManager: Opening Asset editor for Blueprint /Game/FirstPersonBP/Blueprints/FirstPersonCharacter.FirstPersonCharacter
[2019.12.01-08.41.29:498][134]LogSlate: Took 0.000771 seconds to synchronously load lazily loaded font '../../../Engine/Content/Slate/Fonts/Roboto-BoldCondensed.ttf' (158K)
[2019.12.01-08.41.29:644][135]MaterialEditorStats: Base pass shader: 149 instructions
[2019.12.01-08.41.29:644][135]MaterialEditorStats: Base pass shader with Volumetric Lightmap: 170 instructions
[2019.12.01-08.41.29:644][135]MaterialEditorStats: Base pass vertex shader: 134 instructions
[2019.12.01-08.41.29:645][135]MaterialEditorStats: Texture samplers: 3/16
[2019.12.01-08.41.29:645][135]MaterialEditorStats: Texture Lookups (Est.): VS(0), PS(2)
[2019.12.01-08.41.33:710][376]LogSlate: Took 0.000132 seconds to synchronously load lazily loaded font '../../../Engine/Content/Slate/Fonts/Roboto-Italic.ttf' (157K)
[2019.12.01-08.41.44:729][ 32]LogTemp: Repeating last play command: Selected Viewport
[2019.12.01-08.41.44:742][ 32]LogBlueprintUserMessages: Early PlayInEditor Detection: Level '/Game/FirstPersonBP/Maps/FirstPersonExampleMap.FirstPersonExampleMap:PersistentLevel' has LevelScriptBlueprint '/Game/FirstPersonBP/Maps/FirstPersonExampleMap.FirstPersonExampleMap:PersistentLevel.FirstPersonExampleMap' with GeneratedClass '/Game/FirstPersonBP/Maps/FirstPersonExampleMap.FirstPersonExampleMap_C' with ClassGeneratedBy '/Game/FirstPersonBP/Maps/FirstPersonExampleMap.FirstPersonExampleMap:PersistentLevel.FirstPersonExampleMap'
[2019.12.01-08.41.44:743][ 32]LogPlayLevel: PlayLevel: No blueprints needed recompiling
[2019.12.01-08.41.44:743][ 32]PIE: New page: PIE session: FirstPersonExampleMap (02.12.2019 06:41:44)
[2019.12.01-08.41.44:756][ 32]LogPlayLevel: Creating play world package: /Game/FirstPersonBP/Maps/UEDPIE_0_FirstPersonExampleMap
[2019.12.01-08.41.44:775][ 32]LogPlayLevel: PIE: StaticDuplicateObject took: (0.018701s)
[2019.12.01-08.41.44:776][ 32]LogAIModule: Creating AISystem for world FirstPersonExampleMap
[2019.12.01-08.41.44:776][ 32]LogPlayLevel: PIE: World Init took: (0.000886s)
[2019.12.01-08.41.44:776][ 32]LogPlayLevel: PIE: Created PIE world by copying editor world from /Game/FirstPersonBP/Maps/FirstPersonExampleMap.FirstPersonExampleMap to /Game/FirstPersonBP/Maps/UEDPIE_0_FirstPersonExampleMap.FirstPersonExampleMap (0.020283s)
[2019.12.01-08.41.44:818][ 32]LogUObjectHash: Compacting FUObjectHashTables data took   2.64ms
[2019.12.01-08.41.44:831][ 32]LogInit: XAudio2 using 'Lautsprecher (Logitech G933 Gaming Headset)' : 6 channels at 48 kHz using 16 bits per sample (channel mask 0x3f)
[2019.12.01-08.41.44:849][ 32]LogInit: FAudioDevice initialized.
[2019.12.01-08.41.44:893][ 32]LogLoad: Game class is 'FirstPersonGameMode_C'
[2019.12.01-08.41.44:895][ 32]LogWorld: Bringing World /Game/FirstPersonBP/Maps/UEDPIE_0_FirstPersonExampleMap.FirstPersonExampleMap up for play (max tick rate 60) at 2019.12.01-19.41.44
[2019.12.01-08.41.44:896][ 32]LogWorld: Bringing up level for play took: 0.001854
[2019.12.01-08.41.44:910][ 32]LogBlueprintActionDatabase: Requesting refresh due to module change: Voice (loaded)
[2019.12.01-08.41.44:913][ 32]LogBlueprintActionDatabase: Requesting refresh due to module change: MovieSceneCapture (loaded)
[2019.12.01-08.41.44:913][ 32]LogContentBrowser: Native class hierarchy updated for 'MovieSceneCapture' in 0.0003 seconds. Added 20 classes and 0 folders.
[2019.12.01-08.41.44:914][ 32]PIE: Play in editor start time for /Game/FirstPersonBP/Maps/UEDPIE_0_FirstPersonExampleMap -0.396
[2019.12.01-08.41.44:914][ 32]LogBlueprintUserMessages: Late PlayInEditor Detection: Level '/Game/FirstPersonBP/Maps/FirstPersonExampleMap.FirstPersonExampleMap:PersistentLevel' has LevelScriptBlueprint '/Game/FirstPersonBP/Maps/FirstPersonExampleMap.FirstPersonExampleMap:PersistentLevel.FirstPersonExampleMap' with GeneratedClass '/Game/FirstPersonBP/Maps/FirstPersonExampleMap.FirstPersonExampleMap_C' with ClassGeneratedBy '/Game/FirstPersonBP/Maps/FirstPersonExampleMap.FirstPersonExampleMap:PersistentLevel.FirstPersonExampleMap'
[2019.12.01-08.41.49:093][264]LogEditorViewport: Clicking on Actor (LMB): Cube_Blueprint_C (Cube_Blueprint)
[2019.12.01-08.41.54:737][596]LogSlate: FSceneViewport::OnFocusLost() reason 0
[2019.12.01-08.41.54:840][602]LogBlueprintUserMessages: Early EndPlayMap Detection: Level '/Game/FirstPersonBP/Maps/FirstPersonExampleMap.FirstPersonExampleMap:PersistentLevel' has LevelScriptBlueprint '/Game/FirstPersonBP/Maps/FirstPersonExampleMap.FirstPersonExampleMap:PersistentLevel.FirstPersonExampleMap' with GeneratedClass '/Game/FirstPersonBP/Maps/FirstPersonExampleMap.FirstPersonExampleMap_C' with ClassGeneratedBy '/Game/FirstPersonBP/Maps/FirstPersonExampleMap.FirstPersonExampleMap:PersistentLevel.FirstPersonExampleMap'
[2019.12.01-08.41.54:841][602]LogSlate: Updating window title bar state: overlay mode, drag disabled, window buttons hidden, title bar hidden
[2019.12.01-08.41.54:881][602]LogPlayLevel: Display: Shutting down PIE online subsystems
[2019.12.01-08.41.54:882][602]LogBlueprintUserMessages: Late EndPlayMap Detection: Level '/Game/FirstPersonBP/Maps/FirstPersonExampleMap.FirstPersonExampleMap:PersistentLevel' has LevelScriptBlueprint '/Game/FirstPersonBP/Maps/FirstPersonExampleMap.FirstPersonExampleMap:PersistentLevel.FirstPersonExampleMap' with GeneratedClass '/Game/FirstPersonBP/Maps/FirstPersonExampleMap.FirstPersonExampleMap_C' with ClassGeneratedBy '/Game/FirstPersonBP/Maps/FirstPersonExampleMap.FirstPersonExampleMap:PersistentLevel.FirstPersonExampleMap'
[2019.12.01-08.41.54:929][602]LogSlate: Updating window title bar state: overlay mode, drag disabled, window buttons hidden, title bar hidden
[2019.12.01-08.41.54:946][602]LogUObjectHash: Compacting FUObjectHashTables data took   4.19ms
[2019.12.01-08.41.54:971][603]LogPlayLevel: Display: Destroying online subsystem :Context_7
[2019.12.01-08.41.56:470][693]LogEditorViewport: Clicking on Actor (LMB): Cube_Blueprint_C (Cube_Blueprint)
[2019.12.01-08.41.58:097][788]LogSlate: FSceneViewport::OnFocusLost() reason 0
[2019.12.01-08.42.03:374][104]LogOutputDevice: Warning: 

Script Stack (0 frames):

[2019.12.01-08.42.03:374][104]LogWindows: Windows GetLastError: Der Vorgang wurde erfolgreich beendet. (0)
[2019.12.01-08.42.04:740][104]LogWindows: Error: === Critical error: ===
[2019.12.01-08.42.04:740][104]LogWindows: Error: 
[2019.12.01-08.42.04:740][104]LogWindows: Error: Assertion failed: (Index >= 0) & (Index < ArrayNum) [File:D:\Build\++UE4\Sync\Engine\Source\Runtime\Core\Public\Containers/Array.h] [Line: 611] 
[2019.12.01-08.42.04:740][104]LogWindows: Error: Array index out of bounds: 0 from an array of size 0
[2019.12.01-08.42.04:740][104]LogWindows: Error: 
[2019.12.01-08.42.04:740][104]LogWindows: Error: 
[2019.12.01-08.42.04:740][104]LogWindows: Error: [Callstack] 0x00007ffef3c7a839 KERNELBASE.dll!UnknownFunction []
[2019.12.01-08.42.04:740][104]LogWindows: Error: [Callstack] 0x00007ffe66541f37 UE4Editor-Core.dll!UnknownFunction []
[2019.12.01-08.42.04:740][104]LogWindows: Error: [Callstack] 0x00007ffe665446e7 UE4Editor-Core.dll!UnknownFunction []
[2019.12.01-08.42.04:740][104]LogWindows: Error: [Callstack] 0x00007ffe66357d1a UE4Editor-Core.dll!UnknownFunction []
[2019.12.01-08.42.04:740][104]LogWindows: Error: [Callstack] 0x00007ffe662dfe33 UE4Editor-Core.dll!UnknownFunction []
[2019.12.01-08.42.04:740][104]LogWindows: Error: [Callstack] 0x00007ffe662e04d0 UE4Editor-Core.dll!UnknownFunction []
[2019.12.01-08.42.04:740][104]LogWindows: Error: [Callstack] 0x00007ffe5e533548 UE4Editor-PropertyEditor.dll!UnknownFunction []
[2019.12.01-08.42.04:740][104]LogWindows: Error: [Callstack] 0x00007ffe5e1de075 UE4Editor-PropertyEditor.dll!UnknownFunction []
[2019.12.01-08.42.04:740][104]LogWindows: Error: [Callstack] 0x00007ffe5e37878b UE4Editor-PropertyEditor.dll!UnknownFunction []
[2019.12.01-08.42.04:741][104]LogWindows: Error: [Callstack] 0x00007ffe5e293203 UE4Editor-PropertyEditor.dll!UnknownFunction []
[2019.12.01-08.42.04:741][104]LogWindows: Error: [Callstack] 0x00007ffe5e1eea0c UE4Editor-PropertyEditor.dll!UnknownFunction []
[2019.12.01-08.42.04:741][104]LogWindows: Error: [Callstack] 0x00007ffe5e1b889f UE4Editor-PropertyEditor.dll!UnknownFunction []
[2019.12.01-08.42.04:741][104]LogWindows: Error: [Callstack] 0x00007ffe5e46df64 UE4Editor-PropertyEditor.dll!UnknownFunction []
[2019.12.01-08.42.04:741][104]LogWindows: Error: [Callstack] 0x00007ffe7a063e2b UE4Editor-SlateCore.dll!UnknownFunction []
[2019.12.01-08.42.04:741][104]LogWindows: Error: [Callstack] 0x00007ffe7a064bc5 UE4Editor-SlateCore.dll!UnknownFunction []
[2019.12.01-08.42.04:741][104]LogWindows: Error: [Callstack] 0x00007ffe7a0626d4 UE4Editor-SlateCore.dll!UnknownFunction []
[2019.12.01-08.42.04:741][104]LogWindows: Error: [Callstack] 0x00007ffe7a06419f UE4Editor-SlateCore.dll!UnknownFunction []
[2019.12.01-08.42.04:741][104]LogWindows: Error: [Callstack] 0x00007ffe7a064bc5 UE4Editor-SlateCore.dll!UnknownFunction []
[2019.12.01-08.42.04:741][104]LogWindows: Error: [Callstack] 0x00007ffe65849354 UE4Editor-Slate.dll!UnknownFunction []
[2019.12.01-08.42.04:741][104]LogWindows: Error: [Callstack] 0x00007ffe7a06419f UE4Editor-SlateCore.dll!UnknownFunction []
[2019.12.01-08.42.04:741][104]LogWindows: Error: [Callstack] 0x00007ffe7a064bc5 UE4Editor-SlateCore.dll!UnknownFunction []
[2019.12.01-08.42.04:741][104]LogWindows: Error: [Callstack] 0x00007ffe7a0626d4 UE4Editor-SlateCore.dll!UnknownFunction []
[2019.12.01-08.42.04:741][104]LogWindows: Error: [Callstack] 0x00007ffe7a06419f UE4Editor-SlateCore.dll!UnknownFunction []
[2019.12.01-08.42.04:741][104]LogWindows: Error: [Callstack] 0x00007ffe7a061c41 UE4Editor-SlateCore.dll!UnknownFunction []
[2019.12.01-08.42.04:741][104]LogWindows: Error: [Callstack] 0x00007ffe7a06419f UE4Editor-SlateCore.dll!UnknownFunction []
[2019.12.01-08.42.04:741][104]LogWindows: Error: [Callstack] 0x00007ffe658449c9 UE4Editor-Slate.dll!UnknownFunction []
[2019.12.01-08.42.04:741][104]LogWindows: Error: [Callstack] 0x00007ffe7a06419f UE4Editor-SlateCore.dll!UnknownFunction []
[2019.12.01-08.42.04:741][104]LogWindows: Error: [Callstack] 0x00007ffe7a061c41 UE4Editor-SlateCore.dll!UnknownFunction []
[2019.12.01-08.42.04:741][104]LogWindows: Error: [Callstack] 0x00007ffe6584479e UE4Editor-Slate.dll!UnknownFunction []
[2019.12.01-08.42.04:741][104]LogWindows: Error: [Callstack] 0x00007ffe7a06419f UE4Editor-SlateCore.dll!UnknownFunction []
[2019.12.01-08.42.04:741][104]LogWindows: Error: [Callstack] 0x00007ffe7a062571 UE4Editor-SlateCore.dll!UnknownFunction []
[2019.12.01-08.42.04:741][104]LogWindows: Error: [Callstack] 0x00007ffe7a06419f UE4Editor-SlateCore.dll!UnknownFunction []
[2019.12.01-08.42.04:741][104]LogWindows: Error: [Callstack] 0x00007ffe7a064bc5 UE4Editor-SlateCore.dll!UnknownFunction []
[2019.12.01-08.42.04:741][104]LogWindows: Error: [Callstack] 0x00007ffe7a0626d4 UE4Editor-SlateCore.dll!UnknownFunction []
[2019.12.01-08.42.04:741][104]LogWindows: Error: [Callstack] 0x00007ffe7a06419f UE4Editor-SlateCore.dll!UnknownFunction []
[2019.12.01-08.42.04:741][104]LogWindows: Error: [Callstack] 0x00007ffe7a061c41 UE4Editor-SlateCore.dll!UnknownFunction []
[2019.12.01-08.42.04:741][104]LogWindows: Error: [Callstack] 0x00007ffe7a06419f UE4Editor-SlateCore.dll!UnknownFunction []
[2019.12.01-08.42.04:741][104]LogWindows: Error: [Callstack] 0x00007ffe7a064bc5 UE4Editor-SlateCore.dll!UnknownFunction []
[2019.12.01-08.42.04:741][104]LogWindows: Error: [Callstack] 0x00007ffe65849354 UE4Editor-Slate.dll!UnknownFunction []
[2019.12.01-08.42.04:741][104]LogWindows: Error: [Callstack] 0x00007ffe7a06419f UE4Editor-SlateCore.dll!UnknownFunction []
[2019.12.01-08.42.04:741][104]LogWindows: Error: [Callstack] 0x00007ffe7a061c41 UE4Editor-SlateCore.dll!UnknownFunction []
[2019.12.01-08.42.04:741][104]LogWindows: Error: [Callstack] 0x00007ffe7a06419f UE4Editor-SlateCore.dll!UnknownFunction []
[2019.12.01-08.42.04:741][104]LogWindows: Error: [Callstack] 0x00007ffe7a064bc5 UE4Editor-SlateCore.dll!UnknownFunction []
[2019.12.01-08.42.04:741][104]LogWindows: Error: [Callstack] 0x00007ffe65849354 UE4Editor-Slate.dll!UnknownFunction []
[2019.12.01-08.42.04:741][104]LogWindows: Error: [Callstack] 0x00007ffe7a06419f UE4Editor-SlateCore.dll!UnknownFunction []
[2019.12.01-08.42.04:741][104]LogWindows: Error: [Callstack] 0x00007ffe7a062571 UE4Editor-SlateCore.dll!UnknownFunction []
[2019.12.01-08.42.04:741][104]LogWindows: Error: [Callstack] 0x00007ffe7a06419f UE4Editor-SlateCore.dll!UnknownFunction []
[2019.12.01-08.42.04:741][104]LogWindows: Error: [Callstack] 0x00007ffe7a061c41 UE4Editor-SlateCore.dll!UnknownFunction []
[2019.12.01-08.42.04:741][104]LogWindows: Error: [Callstack] 0x00007ffe7a06419f UE4Editor-SlateCore.dll!UnknownFunction []
[2019.12.01-08.42.04:741][104]LogWindows: Error: [Callstack] 0x00007ffe7a064bc5 UE4Editor-SlateCore.dll!UnknownFunction []
[2019.12.01-08.42.04:741][104]LogWindows: Error: [Callstack] 0x00007ffe7a0626d4 UE4Editor-SlateCore.dll!UnknownFunction []
[2019.12.01-08.42.04:741][104]LogWindows: Error: [Callstack] 0x00007ffe7a06419f UE4Editor-SlateCore.dll!UnknownFunction []
[2019.12.01-08.42.04:741][104]LogWindows: Error: [Callstack] 0x00007ffe7a061c41 UE4Editor-SlateCore.dll!UnknownFunction []
[2019.12.01-08.42.04:741][104]LogWindows: Error: [Callstack] 0x00007ffe7a06419f UE4Editor-SlateCore.dll!UnknownFunction []
[2019.12.01-08.42.04:741][104]LogWindows: Error: [Callstack] 0x00007ffe7a061c41 UE4Editor-SlateCore.dll!UnknownFunction []
[2019.12.01-08.42.04:741][104]LogWindows: Error: [Callstack] 0x00007ffe6584479e UE4Editor-Slate.dll!UnknownFunction []
[2019.12.01-08.42.04:741][104]LogWindows: Error: [Callstack] 0x00007ffe7a06419f UE4Editor-SlateCore.dll!UnknownFunction []
[2019.12.01-08.42.04:741][104]LogWindows: Error: [Callstack] 0x00007ffe7a062571 UE4Editor-SlateCore.dll!UnknownFunction []
[2019.12.01-08.42.04:741][104]LogWindows: Error: [Callstack] 0x00007ffe7a06419f UE4Editor-SlateCore.dll!UnknownFunction []
[2019.12.01-08.42.04:741][104]LogWindows: Error: [Callstack] 0x00007ffe7a064bc5 UE4Editor-SlateCore.dll!UnknownFunction []
[2019.12.01-08.42.04:741][104]LogWindows: Error: [Callstack] 0x00007ffe7a0626d4 UE4Editor-SlateCore.dll!UnknownFunction []
[2019.12.01-08.42.04:741][104]LogWindows: Error: [Callstack] 0x00007ffe7a06419f UE4Editor-SlateCore.dll!UnknownFunction []
[2019.12.01-08.42.04:741][104]LogWindows: Error: [Callstack] 0x00007ffe7a061c41 UE4Editor-SlateCore.dll!UnknownFunction []
[2019.12.01-08.42.04:741][104]LogWindows: Error: [Callstack] 0x00007ffe7a06419f UE4Editor-SlateCore.dll!UnknownFunction []
[2019.12.01-08.42.04:741][104]LogWindows: Error: [Callstack] 0x00007ffe7a064bc5 UE4Editor-SlateCore.dll!UnknownFunction []
[2019.12.01-08.42.04:741][104]LogWindows: Error: [Callstack] 0x00007ffe65849354 UE4Editor-Slate.dll!UnknownFunction []
[2019.12.01-08.42.04:741][104]LogWindows: Error: [Callstack] 0x00007ffe7a06419f UE4Editor-SlateCore.dll!UnknownFunction []
[2019.12.01-08.42.04:741][104]LogWindows: Error: [Callstack] 0x00007ffe7a062571 UE4Editor-SlateCore.dll!UnknownFunction []
[2019.12.01-08.42.04:741][104]LogWindows: Error: [Callstack] 0x00007ffe7a06419f UE4Editor-SlateCore.dll!UnknownFunction []
[2019.12.01-08.42.04:741][104]LogWindows: Error: [Callstack] 0x00007ffe7a061c41 UE4Editor-SlateCore.dll!UnknownFunction []
[2019.12.01-08.42.04:741][104]LogWindows: Error: [Callstack] 0x00007ffe7a06419f UE4Editor-SlateCore.dll!UnknownFunction []
[2019.12.01-08.42.04:741][104]LogWindows: Error: [Callstack] 0x00007ffe7a064bc5 UE4Editor-SlateCore.dll!UnknownFunction []
[2019.12.01-08.42.04:741][104]LogWindows: Error: [Callstack] 0x00007ffe7a0626d4 UE4Editor-SlateCore.dll!UnknownFunction []
[2019.12.01-08.42.04:741][104]LogWindows: Error: [Callstack] 0x00007ffe7a06419f UE4Editor-SlateCore.dll!UnknownFunction []
[2019.12.01-08.42.04:741][104]LogWindows: Error: [Callstack] 0x00007ffe7a064bc5 UE4Editor-SlateCore.dll!UnknownFunction []
[2019.12.01-08.42.04:741][104]LogWindows: Error: [Callstack] 0x00007ffe7a0626d4 UE4Editor-SlateCore.dll!UnknownFunction []
[2019.12.01-08.42.04:741][104]LogWindows: Error: [Callstack] 0x00007ffe7a06419f UE4Editor-SlateCore.dll!UnknownFunction []
[2019.12.01-08.42.04:741][104]LogWindows: Error: [Callstack] 0x00007ffe7a062571 UE4Editor-SlateCore.dll!UnknownFunction []
[2019.12.01-08.42.04:741][104]LogWindows: Error: [Callstack] 0x00007ffe7a06419f UE4Editor-SlateCore.dll!UnknownFunction []
[2019.12.01-08.42.04:741][104]LogWindows: Error: [Callstack] 0x00007ffe7a061c41 UE4Editor-SlateCore.dll!UnknownFunction []
[2019.12.01-08.42.04:741][104]LogWindows: Error: [Callstack] 0x00007ffe7a06277a UE4Editor-SlateCore.dll!UnknownFunction []
[2019.12.01-08.42.04:741][104]LogWindows: Error: [Callstack] 0x00007ffe7a06419f UE4Editor-SlateCore.dll!UnknownFunction []
[2019.12.01-08.42.04:741][104]LogWindows: Error: [Callstack] 0x00007ffe7a0650fe UE4Editor-SlateCore.dll!UnknownFunction []
[2019.12.01-08.42.04:741][104]LogWindows: Error: [Callstack] 0x00007ffe6563d714 UE4Editor-Slate.dll!UnknownFunction []
[2019.12.01-08.42.04:741][104]LogWindows: Error: [Callstack] 0x00007ffe656668d2 UE4Editor-Slate.dll!UnknownFunction []
[2019.12.01-08.42.04:741][104]LogWindows: Error: [Callstack] 0x00007ffe6563e2a2 UE4Editor-Slate.dll!UnknownFunction []
[2019.12.01-08.42.04:741][104]LogWindows: Error: [Callstack] 0x00007ffe6568a859 UE4Editor-Slate.dll!UnknownFunction []
[2019.12.01-08.42.04:741][104]LogWindows: Error: [Callstack] 0x00007ffe65689a4d UE4Editor-Slate.dll!UnknownFunction []
[2019.12.01-08.42.04:741][104]LogWindows: Error: [Callstack] 0x00007ff7c0437a6a UE4Editor.exe!UnknownFunction []
[2019.12.01-08.42.04:741][104]LogWindows: Error: [Callstack] 0x00007ff7c044554c UE4Editor.exe!UnknownFunction []
[2019.12.01-08.42.04:741][104]LogWindows: Error: [Callstack] 0x00007ff7c04455ca UE4Editor.exe!UnknownFunction []
[2019.12.01-08.42.04:742][104]LogWindows: Error: [Callstack] 0x00007ff7c045316c UE4Editor.exe!UnknownFunction []
[2019.12.01-08.42.04:742][104]LogWindows: Error: [Callstack] 0x00007ff7c0455b8e UE4Editor.exe!UnknownFunction []
[2019.12.01-08.42.04:742][104]LogWindows: Error: [Callstack] 0x00007ffef6107bd4 KERNEL32.DLL!UnknownFunction []
[2019.12.01-08.42.04:742][104]LogWindows: Error: [Callstack] 0x00007ffef6acced1 ntdll.dll!UnknownFunction []
[2019.12.01-08.42.04:742][104]LogWindows: Error: 
[2019.12.01-08.42.04:751][104]LogExit: Executing StaticShutdownAfterError
[2019.12.01-08.42.04:755][104]LogWindows: FPlatformMisc::RequestExit(1)
[2019.12.01-08.42.04:758][104]Log file closed, 12/01/19 19:42:04
